{"C:\\Users\\plous\\Documents\\Developpement-YNOV\\2024-2025-m2\\Projet_pour_examens\\RoadTrip\\auth-service\\index.js": {"path":"C:\\Users\\plous\\Documents\\Developpement-YNOV\\2024-2025-m2\\Projet_pour_examens\\RoadTrip\\auth-service\\index.js","statementMap":{"0":{"start":{"line":1,"column":0},"end":{"line":1,"column":27}},"1":{"start":{"line":2,"column":16},"end":{"line":2,"column":34}},"2":{"start":{"line":3,"column":17},"end":{"line":3,"column":36}},"3":{"start":{"line":4,"column":13},"end":{"line":4,"column":28}},"4":{"start":{"line":5,"column":16},"end":{"line":5,"column":42}},"5":{"start":{"line":6,"column":17},"end":{"line":6,"column":36}},"6":{"start":{"line":7,"column":15},"end":{"line":7,"column":32}},"7":{"start":{"line":8,"column":18},"end":{"line":8,"column":47}},"8":{"start":{"line":10,"column":23},"end":{"line":10,"column":57}},"9":{"start":{"line":11,"column":19},"end":{"line":11,"column":49}},"10":{"start":{"line":13,"column":12},"end":{"line":13,"column":21}},"11":{"start":{"line":14,"column":13},"end":{"line":14,"column":37}},"12":{"start":{"line":15,"column":21},"end":{"line":15,"column":35}},"13":{"start":{"line":17,"column":0},"end":{"line":17,"column":51}},"14":{"start":{"line":20,"column":19},"end":{"line":20,"column":20}},"15":{"start":{"line":21,"column":17},"end":{"line":21,"column":18}},"16":{"start":{"line":22,"column":23},"end":{"line":22,"column":24}},"17":{"start":{"line":23,"column":23},"end":{"line":23,"column":24}},"18":{"start":{"line":24,"column":18},"end":{"line":24,"column":28}},"19":{"start":{"line":27,"column":0},"end":{"line":341,"column":5}},"20":{"start":{"line":28,"column":2},"end":{"line":340,"column":3}},"21":{"start":{"line":30,"column":4},"end":{"line":37,"column":5}},"22":{"start":{"line":31,"column":6},"end":{"line":36,"column":7}},"23":{"start":{"line":32,"column":8},"end":{"line":32,"column":56}},"24":{"start":{"line":33,"column":8},"end":{"line":33,"column":42}},"25":{"start":{"line":35,"column":8},"end":{"line":35,"column":66}},"26":{"start":{"line":40,"column":4},"end":{"line":48,"column":8}},"27":{"start":{"line":51,"column":27},"end":{"line":55,"column":6}},"28":{"start":{"line":57,"column":25},"end":{"line":61,"column":6}},"29":{"start":{"line":63,"column":4},"end":{"line":63,"column":28}},"30":{"start":{"line":64,"column":4},"end":{"line":64,"column":41}},"31":{"start":{"line":67,"column":4},"end":{"line":72,"column":8}},"32":{"start":{"line":74,"column":4},"end":{"line":74,"column":44}},"33":{"start":{"line":75,"column":4},"end":{"line":75,"column":66}},"34":{"start":{"line":78,"column":4},"end":{"line":105,"column":7}},"35":{"start":{"line":79,"column":20},"end":{"line":79,"column":30}},"36":{"start":{"line":80,"column":6},"end":{"line":80,"column":21}},"37":{"start":{"line":82,"column":6},"end":{"line":102,"column":9}},"38":{"start":{"line":83,"column":25},"end":{"line":83,"column":43}},"39":{"start":{"line":86,"column":8},"end":{"line":88,"column":9}},"40":{"start":{"line":87,"column":10},"end":{"line":87,"column":23}},"41":{"start":{"line":91,"column":8},"end":{"line":101,"column":9}},"42":{"start":{"line":92,"column":10},"end":{"line":92,"column":113}},"43":{"start":{"line":94,"column":10},"end":{"line":98,"column":11}},"44":{"start":{"line":95,"column":12},"end":{"line":95,"column":31}},"45":{"start":{"line":96,"column":17},"end":{"line":98,"column":11}},"46":{"start":{"line":97,"column":12},"end":{"line":97,"column":31}},"47":{"start":{"line":100,"column":10},"end":{"line":100,"column":87}},"48":{"start":{"line":104,"column":6},"end":{"line":104,"column":13}},"49":{"start":{"line":108,"column":4},"end":{"line":119,"column":8}},"50":{"start":{"line":122,"column":4},"end":{"line":122,"column":35}},"51":{"start":{"line":123,"column":4},"end":{"line":123,"column":32}},"52":{"start":{"line":124,"column":4},"end":{"line":124,"column":42}},"53":{"start":{"line":127,"column":4},"end":{"line":127,"column":33}},"54":{"start":{"line":130,"column":4},"end":{"line":185,"column":7}},"55":{"start":{"line":131,"column":21},"end":{"line":131,"column":43}},"56":{"start":{"line":132,"column":24},"end":{"line":132,"column":74}},"57":{"start":{"line":133,"column":30},"end":{"line":134,"column":70}},"58":{"start":{"line":136,"column":21},"end":{"line":172,"column":7}},"59":{"start":{"line":175,"column":29},"end":{"line":175,"column":50}},"60":{"start":{"line":176,"column":31},"end":{"line":176,"column":77}},"61":{"start":{"line":177,"column":30},"end":{"line":177,"column":46}},"62":{"start":{"line":179,"column":6},"end":{"line":181,"column":7}},"63":{"start":{"line":180,"column":8},"end":{"line":180,"column":35}},"64":{"start":{"line":183,"column":25},"end":{"line":183,"column":64}},"65":{"start":{"line":184,"column":6},"end":{"line":184,"column":42}},"66":{"start":{"line":188,"column":4},"end":{"line":219,"column":7}},"67":{"start":{"line":189,"column":21},"end":{"line":189,"column":43}},"68":{"start":{"line":191,"column":6},"end":{"line":218,"column":9}},"69":{"start":{"line":222,"column":4},"end":{"line":241,"column":7}},"70":{"start":{"line":223,"column":6},"end":{"line":240,"column":9}},"71":{"start":{"line":244,"column":4},"end":{"line":273,"column":7}},"72":{"start":{"line":245,"column":24},"end":{"line":256,"column":7}},"73":{"start":{"line":258,"column":33},"end":{"line":260,"column":30}},"74":{"start":{"line":259,"column":33},"end":{"line":259,"column":49}},"75":{"start":{"line":260,"column":25},"end":{"line":260,"column":29}},"76":{"start":{"line":262,"column":6},"end":{"line":272,"column":9}},"77":{"start":{"line":276,"column":4},"end":{"line":285,"column":7}},"78":{"start":{"line":277,"column":6},"end":{"line":284,"column":9}},"79":{"start":{"line":287,"column":4},"end":{"line":297,"column":7}},"80":{"start":{"line":288,"column":6},"end":{"line":288,"column":19}},"81":{"start":{"line":289,"column":6},"end":{"line":289,"column":62}},"82":{"start":{"line":291,"column":6},"end":{"line":296,"column":9}},"83":{"start":{"line":300,"column":4},"end":{"line":335,"column":7}},"84":{"start":{"line":301,"column":6},"end":{"line":301,"column":71}},"85":{"start":{"line":302,"column":6},"end":{"line":302,"column":69}},"86":{"start":{"line":303,"column":6},"end":{"line":303,"column":70}},"87":{"start":{"line":304,"column":6},"end":{"line":304,"column":68}},"88":{"start":{"line":305,"column":6},"end":{"line":305,"column":70}},"89":{"start":{"line":308,"column":31},"end":{"line":308,"column":99}},"90":{"start":{"line":309,"column":6},"end":{"line":309,"column":94}},"91":{"start":{"line":310,"column":6},"end":{"line":312,"column":7}},"92":{"start":{"line":311,"column":8},"end":{"line":311,"column":71}},"93":{"start":{"line":314,"column":33},"end":{"line":314,"column":105}},"94":{"start":{"line":315,"column":6},"end":{"line":315,"column":98}},"95":{"start":{"line":316,"column":6},"end":{"line":318,"column":7}},"96":{"start":{"line":317,"column":8},"end":{"line":317,"column":73}},"97":{"start":{"line":321,"column":26},"end":{"line":321,"column":96}},"98":{"start":{"line":322,"column":6},"end":{"line":322,"column":49}},"99":{"start":{"line":325,"column":6},"end":{"line":328,"column":7}},"100":{"start":{"line":326,"column":8},"end":{"line":326,"column":71}},"101":{"start":{"line":327,"column":8},"end":{"line":327,"column":97}},"102":{"start":{"line":330,"column":6},"end":{"line":332,"column":7}},"103":{"start":{"line":331,"column":8},"end":{"line":331,"column":97}},"104":{"start":{"line":334,"column":6},"end":{"line":334,"column":53}},"105":{"start":{"line":338,"column":4},"end":{"line":338,"column":64}},"106":{"start":{"line":339,"column":4},"end":{"line":339,"column":20}},"107":{"start":{"line":344,"column":0},"end":{"line":347,"column":3}},"108":{"start":{"line":345,"column":2},"end":{"line":345,"column":40}},"109":{"start":{"line":346,"column":2},"end":{"line":346,"column":18}},"110":{"start":{"line":349,"column":0},"end":{"line":352,"column":3}},"111":{"start":{"line":350,"column":2},"end":{"line":350,"column":40}},"112":{"start":{"line":351,"column":2},"end":{"line":351,"column":18}},"113":{"start":{"line":354,"column":0},"end":{"line":354,"column":21}}},"fnMap":{"0":{"name":"(anonymous_0)","decl":{"start":{"line":27,"column":1},"end":{"line":27,"column":2}},"loc":{"start":{"line":27,"column":13},"end":{"line":341,"column":1}},"line":27},"1":{"name":"(anonymous_1)","decl":{"start":{"line":78,"column":12},"end":{"line":78,"column":13}},"loc":{"start":{"line":78,"column":32},"end":{"line":105,"column":5}},"line":78},"2":{"name":"(anonymous_2)","decl":{"start":{"line":82,"column":23},"end":{"line":82,"column":24}},"loc":{"start":{"line":82,"column":29},"end":{"line":102,"column":7}},"line":82},"3":{"name":"(anonymous_3)","decl":{"start":{"line":130,"column":23},"end":{"line":130,"column":24}},"loc":{"start":{"line":130,"column":37},"end":{"line":185,"column":5}},"line":130},"4":{"name":"(anonymous_4)","decl":{"start":{"line":188,"column":24},"end":{"line":188,"column":25}},"loc":{"start":{"line":188,"column":38},"end":{"line":219,"column":5}},"line":188},"5":{"name":"(anonymous_5)","decl":{"start":{"line":222,"column":21},"end":{"line":222,"column":22}},"loc":{"start":{"line":222,"column":35},"end":{"line":241,"column":5}},"line":222},"6":{"name":"(anonymous_6)","decl":{"start":{"line":244,"column":26},"end":{"line":244,"column":27}},"loc":{"start":{"line":244,"column":40},"end":{"line":273,"column":5}},"line":244},"7":{"name":"(anonymous_7)","decl":{"start":{"line":259,"column":16},"end":{"line":259,"column":17}},"loc":{"start":{"line":259,"column":33},"end":{"line":259,"column":49}},"line":259},"8":{"name":"(anonymous_8)","decl":{"start":{"line":260,"column":13},"end":{"line":260,"column":14}},"loc":{"start":{"line":260,"column":25},"end":{"line":260,"column":29}},"line":260},"9":{"name":"(anonymous_9)","decl":{"start":{"line":276,"column":12},"end":{"line":276,"column":13}},"loc":{"start":{"line":276,"column":26},"end":{"line":285,"column":5}},"line":276},"10":{"name":"(anonymous_10)","decl":{"start":{"line":287,"column":12},"end":{"line":287,"column":13}},"loc":{"start":{"line":287,"column":37},"end":{"line":297,"column":5}},"line":287},"11":{"name":"(anonymous_11)","decl":{"start":{"line":300,"column":21},"end":{"line":300,"column":22}},"loc":{"start":{"line":300,"column":27},"end":{"line":335,"column":5}},"line":300},"12":{"name":"(anonymous_12)","decl":{"start":{"line":344,"column":22},"end":{"line":344,"column":23}},"loc":{"start":{"line":344,"column":28},"end":{"line":347,"column":1}},"line":344},"13":{"name":"(anonymous_13)","decl":{"start":{"line":349,"column":21},"end":{"line":349,"column":22}},"loc":{"start":{"line":349,"column":27},"end":{"line":352,"column":1}},"line":349}},"branchMap":{"0":{"loc":{"start":{"line":14,"column":13},"end":{"line":14,"column":37}},"type":"binary-expr","locations":[{"start":{"line":14,"column":13},"end":{"line":14,"column":29}},{"start":{"line":14,"column":33},"end":{"line":14,"column":37}}],"line":14},"1":{"loc":{"start":{"line":30,"column":4},"end":{"line":37,"column":5}},"type":"if","locations":[{"start":{"line":30,"column":4},"end":{"line":37,"column":5}},{"start":{},"end":{}}],"line":30},"2":{"loc":{"start":{"line":68,"column":14},"end":{"line":68,"column":78}},"type":"binary-expr","locations":[{"start":{"line":68,"column":14},"end":{"line":68,"column":49}},{"start":{"line":68,"column":53},"end":{"line":68,"column":78}}],"line":68},"3":{"loc":{"start":{"line":86,"column":8},"end":{"line":88,"column":9}},"type":"if","locations":[{"start":{"line":86,"column":8},"end":{"line":88,"column":9}},{"start":{},"end":{}}],"line":86},"4":{"loc":{"start":{"line":91,"column":8},"end":{"line":101,"column":9}},"type":"if","locations":[{"start":{"line":91,"column":8},"end":{"line":101,"column":9}},{"start":{"line":99,"column":15},"end":{"line":101,"column":9}}],"line":91},"5":{"loc":{"start":{"line":94,"column":10},"end":{"line":98,"column":11}},"type":"if","locations":[{"start":{"line":94,"column":10},"end":{"line":98,"column":11}},{"start":{"line":96,"column":17},"end":{"line":98,"column":11}}],"line":94},"6":{"loc":{"start":{"line":96,"column":17},"end":{"line":98,"column":11}},"type":"if","locations":[{"start":{"line":96,"column":17},"end":{"line":98,"column":11}},{"start":{},"end":{}}],"line":96},"7":{"loc":{"start":{"line":109,"column":14},"end":{"line":109,"column":61}},"type":"binary-expr","locations":[{"start":{"line":109,"column":14},"end":{"line":109,"column":40}},{"start":{"line":109,"column":44},"end":{"line":109,"column":61}}],"line":109},"8":{"loc":{"start":{"line":116,"column":18},"end":{"line":116,"column":74}},"type":"cond-expr","locations":[{"start":{"line":116,"column":58},"end":{"line":116,"column":66}},{"start":{"line":116,"column":69},"end":{"line":116,"column":74}}],"line":116},"9":{"loc":{"start":{"line":132,"column":24},"end":{"line":132,"column":74}},"type":"cond-expr","locations":[{"start":{"line":132,"column":44},"end":{"line":132,"column":69}},{"start":{"line":132,"column":73},"end":{"line":132,"column":74}}],"line":132},"10":{"loc":{"start":{"line":133,"column":30},"end":{"line":134,"column":70}},"type":"cond-expr","locations":[{"start":{"line":134,"column":9},"end":{"line":134,"column":65}},{"start":{"line":134,"column":69},"end":{"line":134,"column":70}}],"line":133},"11":{"loc":{"start":{"line":157,"column":21},"end":{"line":157,"column":85}},"type":"binary-expr","locations":[{"start":{"line":157,"column":21},"end":{"line":157,"column":49}},{"start":{"line":157,"column":53},"end":{"line":157,"column":85}}],"line":157},"12":{"loc":{"start":{"line":158,"column":23},"end":{"line":158,"column":91}},"type":"binary-expr","locations":[{"start":{"line":158,"column":23},"end":{"line":158,"column":53}},{"start":{"line":158,"column":57},"end":{"line":158,"column":91}}],"line":158},"13":{"loc":{"start":{"line":161,"column":23},"end":{"line":161,"column":60}},"type":"binary-expr","locations":[{"start":{"line":161,"column":23},"end":{"line":161,"column":43}},{"start":{"line":161,"column":47},"end":{"line":161,"column":60}}],"line":161},"14":{"loc":{"start":{"line":176,"column":31},"end":{"line":176,"column":77}},"type":"binary-expr","locations":[{"start":{"line":176,"column":31},"end":{"line":176,"column":51}},{"start":{"line":176,"column":55},"end":{"line":176,"column":77}}],"line":176},"15":{"loc":{"start":{"line":179,"column":6},"end":{"line":181,"column":7}},"type":"if","locations":[{"start":{"line":179,"column":6},"end":{"line":181,"column":7}},{"start":{},"end":{}}],"line":179},"16":{"loc":{"start":{"line":179,"column":10},"end":{"line":179,"column":65}},"type":"binary-expr","locations":[{"start":{"line":179,"column":10},"end":{"line":179,"column":25}},{"start":{"line":179,"column":29},"end":{"line":179,"column":46}},{"start":{"line":179,"column":50},"end":{"line":179,"column":65}}],"line":179},"17":{"loc":{"start":{"line":183,"column":25},"end":{"line":183,"column":64}},"type":"cond-expr","locations":[{"start":{"line":183,"column":55},"end":{"line":183,"column":58}},{"start":{"line":183,"column":61},"end":{"line":183,"column":64}}],"line":183},"18":{"loc":{"start":{"line":206,"column":21},"end":{"line":206,"column":71}},"type":"cond-expr","locations":[{"start":{"line":206,"column":41},"end":{"line":206,"column":66}},{"start":{"line":206,"column":70},"end":{"line":206,"column":71}}],"line":206},"19":{"loc":{"start":{"line":215,"column":23},"end":{"line":216,"column":74}},"type":"cond-expr","locations":[{"start":{"line":216,"column":13},"end":{"line":216,"column":69}},{"start":{"line":216,"column":73},"end":{"line":216,"column":74}}],"line":215},"20":{"loc":{"start":{"line":247,"column":24},"end":{"line":247,"column":88}},"type":"binary-expr","locations":[{"start":{"line":247,"column":24},"end":{"line":247,"column":52}},{"start":{"line":247,"column":56},"end":{"line":247,"column":88}}],"line":247},"21":{"loc":{"start":{"line":252,"column":24},"end":{"line":252,"column":92}},"type":"binary-expr","locations":[{"start":{"line":252,"column":24},"end":{"line":252,"column":54}},{"start":{"line":252,"column":58},"end":{"line":252,"column":92}}],"line":252},"22":{"loc":{"start":{"line":291,"column":17},"end":{"line":291,"column":38}},"type":"binary-expr","locations":[{"start":{"line":291,"column":17},"end":{"line":291,"column":31}},{"start":{"line":291,"column":35},"end":{"line":291,"column":38}}],"line":291},"23":{"loc":{"start":{"line":294,"column":17},"end":{"line":294,"column":57}},"type":"binary-expr","locations":[{"start":{"line":294,"column":17},"end":{"line":294,"column":28}},{"start":{"line":294,"column":32},"end":{"line":294,"column":57}}],"line":294},"24":{"loc":{"start":{"line":308,"column":34},"end":{"line":308,"column":98}},"type":"binary-expr","locations":[{"start":{"line":308,"column":34},"end":{"line":308,"column":62}},{"start":{"line":308,"column":66},"end":{"line":308,"column":98}}],"line":308},"25":{"loc":{"start":{"line":309,"column":38},"end":{"line":309,"column":90}},"type":"cond-expr","locations":[{"start":{"line":309,"column":57},"end":{"line":309,"column":70}},{"start":{"line":309,"column":73},"end":{"line":309,"column":90}}],"line":309},"26":{"loc":{"start":{"line":310,"column":6},"end":{"line":312,"column":7}},"type":"if","locations":[{"start":{"line":310,"column":6},"end":{"line":312,"column":7}},{"start":{},"end":{}}],"line":310},"27":{"loc":{"start":{"line":314,"column":36},"end":{"line":314,"column":104}},"type":"binary-expr","locations":[{"start":{"line":314,"column":36},"end":{"line":314,"column":66}},{"start":{"line":314,"column":70},"end":{"line":314,"column":104}}],"line":314},"28":{"loc":{"start":{"line":315,"column":40},"end":{"line":315,"column":94}},"type":"cond-expr","locations":[{"start":{"line":315,"column":61},"end":{"line":315,"column":74}},{"start":{"line":315,"column":77},"end":{"line":315,"column":94}}],"line":315},"29":{"loc":{"start":{"line":316,"column":6},"end":{"line":318,"column":7}},"type":"if","locations":[{"start":{"line":316,"column":6},"end":{"line":318,"column":7}},{"start":{},"end":{}}],"line":316},"30":{"loc":{"start":{"line":321,"column":26},"end":{"line":321,"column":96}},"type":"cond-expr","locations":[{"start":{"line":321,"column":65},"end":{"line":321,"column":77}},{"start":{"line":321,"column":80},"end":{"line":321,"column":96}}],"line":321},"31":{"loc":{"start":{"line":325,"column":6},"end":{"line":328,"column":7}},"type":"if","locations":[{"start":{"line":325,"column":6},"end":{"line":328,"column":7}},{"start":{},"end":{}}],"line":325},"32":{"loc":{"start":{"line":325,"column":10},"end":{"line":325,"column":50}},"type":"binary-expr","locations":[{"start":{"line":325,"column":10},"end":{"line":325,"column":27}},{"start":{"line":325,"column":31},"end":{"line":325,"column":50}}],"line":325},"33":{"loc":{"start":{"line":330,"column":6},"end":{"line":332,"column":7}},"type":"if","locations":[{"start":{"line":330,"column":6},"end":{"line":332,"column":7}},{"start":{},"end":{}}],"line":330}},"s":{"0":1,"1":1,"2":1,"3":1,"4":1,"5":1,"6":1,"7":1,"8":1,"9":1,"10":1,"11":1,"12":1,"13":1,"14":1,"15":1,"16":1,"17":1,"18":1,"19":1,"20":1,"21":1,"22":1,"23":1,"24":1,"25":0,"26":1,"27":1,"28":1,"29":1,"30":1,"31":1,"32":1,"33":1,"34":1,"35":9,"36":9,"37":9,"38":9,"39":9,"40":2,"41":9,"42":0,"43":0,"44":0,"45":0,"46":0,"47":9,"48":9,"49":1,"50":1,"51":1,"52":1,"53":1,"54":1,"55":2,"56":2,"57":2,"58":2,"59":2,"60":2,"61":2,"62":2,"63":1,"64":2,"65":2,"66":1,"67":1,"68":1,"69":1,"70":2,"71":1,"72":0,"73":0,"74":0,"75":0,"76":0,"77":1,"78":1,"79":1,"80":0,"81":0,"82":0,"83":1,"84":1,"85":1,"86":1,"87":1,"88":1,"89":1,"90":1,"91":1,"92":1,"93":1,"94":1,"95":1,"96":1,"97":1,"98":1,"99":1,"100":0,"101":0,"102":1,"103":0,"104":1,"105":0,"106":0,"107":1,"108":0,"109":0,"110":1,"111":0,"112":0,"113":1},"f":{"0":1,"1":9,"2":9,"3":2,"4":1,"5":2,"6":0,"7":0,"8":0,"9":1,"10":0,"11":1,"12":0,"13":0},"b":{"0":[1,0],"1":[1,0],"2":[1,0],"3":[2,7],"4":[0,9],"5":[0,0],"6":[0,0],"7":[1,0],"8":[0,1],"9":[2,0],"10":[0,2],"11":[2,2],"12":[2,2],"13":[2,0],"14":[2,0],"15":[1,1],"16":[2,2,2],"17":[1,1],"18":[1,0],"19":[0,1],"20":[0,0],"21":[0,0],"22":[0,0],"23":[0,0],"24":[1,1],"25":[1,0],"26":[1,0],"27":[1,1],"28":[1,0],"29":[1,0],"30":[1,0],"31":[0,1],"32":[1,0],"33":[0,1]},"_coverageSchema":"1a1c01bbd47fc00a2c39e90264f33305004495a9","hash":"9d09febf5f3f26efe78045ee8806b325f23d0a67"}
,"C:\\Users\\plous\\Documents\\Developpement-YNOV\\2024-2025-m2\\Projet_pour_examens\\RoadTrip\\auth-service\\config\\jwtConfig.js": {"path":"C:\\Users\\plous\\Documents\\Developpement-YNOV\\2024-2025-m2\\Projet_pour_examens\\RoadTrip\\auth-service\\config\\jwtConfig.js","statementMap":{"0":{"start":{"line":1,"column":12},"end":{"line":1,"column":35}},"1":{"start":{"line":6,"column":4},"end":{"line":21,"column":5}},"2":{"start":{"line":7,"column":6},"end":{"line":17,"column":8}},"3":{"start":{"line":19,"column":6},"end":{"line":19,"column":68}},"4":{"start":{"line":20,"column":6},"end":{"line":20,"column":18}},"5":{"start":{"line":26,"column":4},"end":{"line":40,"column":5}},"6":{"start":{"line":27,"column":6},"end":{"line":36,"column":8}},"7":{"start":{"line":38,"column":6},"end":{"line":38,"column":88}},"8":{"start":{"line":39,"column":6},"end":{"line":39,"column":18}},"9":{"start":{"line":45,"column":4},"end":{"line":57,"column":5}},"10":{"start":{"line":46,"column":6},"end":{"line":46,"column":55}},"11":{"start":{"line":48,"column":6},"end":{"line":51,"column":7}},"12":{"start":{"line":49,"column":8},"end":{"line":49,"column":37}},"13":{"start":{"line":50,"column":8},"end":{"line":50,"column":40}},"14":{"start":{"line":52,"column":6},"end":{"line":55,"column":7}},"15":{"start":{"line":53,"column":8},"end":{"line":53,"column":39}},"16":{"start":{"line":54,"column":8},"end":{"line":54,"column":42}},"17":{"start":{"line":56,"column":6},"end":{"line":56,"column":18}},"18":{"start":{"line":62,"column":4},"end":{"line":76,"column":5}},"19":{"start":{"line":63,"column":22},"end":{"line":63,"column":52}},"20":{"start":{"line":66,"column":26},"end":{"line":70,"column":8}},"21":{"start":{"line":72,"column":6},"end":{"line":72,"column":25}},"22":{"start":{"line":74,"column":6},"end":{"line":74,"column":71}},"23":{"start":{"line":75,"column":6},"end":{"line":75,"column":18}},"24":{"start":{"line":80,"column":0},"end":{"line":80,"column":27}}},"fnMap":{"0":{"name":"(anonymous_0)","decl":{"start":{"line":5,"column":2},"end":{"line":5,"column":3}},"loc":{"start":{"line":5,"column":35},"end":{"line":22,"column":3}},"line":5},"1":{"name":"(anonymous_1)","decl":{"start":{"line":25,"column":2},"end":{"line":25,"column":3}},"loc":{"start":{"line":25,"column":36},"end":{"line":41,"column":3}},"line":25},"2":{"name":"(anonymous_2)","decl":{"start":{"line":44,"column":2},"end":{"line":44,"column":3}},"loc":{"start":{"line":44,"column":28},"end":{"line":58,"column":3}},"line":44},"3":{"name":"(anonymous_3)","decl":{"start":{"line":61,"column":2},"end":{"line":61,"column":3}},"loc":{"start":{"line":61,"column":36},"end":{"line":77,"column":3}},"line":61}},"branchMap":{"0":{"loc":{"start":{"line":15,"column":21},"end":{"line":15,"column":55}},"type":"binary-expr","locations":[{"start":{"line":15,"column":21},"end":{"line":15,"column":47}},{"start":{"line":15,"column":51},"end":{"line":15,"column":55}}],"line":15},"1":{"loc":{"start":{"line":34,"column":21},"end":{"line":34,"column":63}},"type":"binary-expr","locations":[{"start":{"line":34,"column":21},"end":{"line":34,"column":55}},{"start":{"line":34,"column":59},"end":{"line":34,"column":63}}],"line":34},"2":{"loc":{"start":{"line":48,"column":6},"end":{"line":51,"column":7}},"type":"if","locations":[{"start":{"line":48,"column":6},"end":{"line":51,"column":7}},{"start":{},"end":{}}],"line":48},"3":{"loc":{"start":{"line":52,"column":6},"end":{"line":55,"column":7}},"type":"if","locations":[{"start":{"line":52,"column":6},"end":{"line":55,"column":7}},{"start":{},"end":{}}],"line":52}},"s":{"0":0,"1":0,"2":0,"3":0,"4":0,"5":0,"6":0,"7":0,"8":0,"9":0,"10":0,"11":0,"12":0,"13":0,"14":0,"15":0,"16":0,"17":0,"18":0,"19":0,"20":0,"21":0,"22":0,"23":0,"24":0},"f":{"0":0,"1":0,"2":0,"3":0},"b":{"0":[0,0],"1":[0,0],"2":[0,0],"3":[0,0]}}
,"C:\\Users\\plous\\Documents\\Developpement-YNOV\\2024-2025-m2\\Projet_pour_examens\\RoadTrip\\auth-service\\config\\passportConfig.js": {"path":"C:\\Users\\plous\\Documents\\Developpement-YNOV\\2024-2025-m2\\Projet_pour_examens\\RoadTrip\\auth-service\\config\\passportConfig.js","statementMap":{"0":{"start":{"line":1,"column":17},"end":{"line":1,"column":36}},"1":{"start":{"line":2,"column":23},"end":{"line":2,"column":66}},"2":{"start":{"line":3,"column":25},"end":{"line":3,"column":62}},"3":{"start":{"line":4,"column":18},"end":{"line":4,"column":48}},"4":{"start":{"line":5,"column":13},"end":{"line":5,"column":38}},"5":{"start":{"line":9,"column":0},"end":{"line":14,"column":1}},"6":{"start":{"line":10,"column":2},"end":{"line":10,"column":51}},"7":{"start":{"line":12,"column":2},"end":{"line":12,"column":82}},"8":{"start":{"line":13,"column":2},"end":{"line":13,"column":44}},"9":{"start":{"line":19,"column":4},"end":{"line":43,"column":6}},"10":{"start":{"line":29,"column":10},"end":{"line":40,"column":11}},"11":{"start":{"line":30,"column":12},"end":{"line":30,"column":85}},"12":{"start":{"line":32,"column":25},"end":{"line":36,"column":14}},"13":{"start":{"line":37,"column":12},"end":{"line":37,"column":36}},"14":{"start":{"line":39,"column":12},"end":{"line":39,"column":72}},"15":{"start":{"line":46,"column":4},"end":{"line":67,"column":6}},"16":{"start":{"line":56,"column":10},"end":{"line":64,"column":11}},"17":{"start":{"line":57,"column":25},"end":{"line":60,"column":14}},"18":{"start":{"line":61,"column":12},"end":{"line":61,"column":36}},"19":{"start":{"line":63,"column":12},"end":{"line":63,"column":74}},"20":{"start":{"line":70,"column":4},"end":{"line":72,"column":7}},"21":{"start":{"line":71,"column":6},"end":{"line":71,"column":48}},"22":{"start":{"line":74,"column":4},"end":{"line":93,"column":7}},"23":{"start":{"line":75,"column":6},"end":{"line":92,"column":7}},"24":{"start":{"line":78,"column":8},"end":{"line":88,"column":9}},"25":{"start":{"line":79,"column":10},"end":{"line":85,"column":11}},"26":{"start":{"line":80,"column":12},"end":{"line":80,"column":54}},"27":{"start":{"line":82,"column":12},"end":{"line":82,"column":75}},"28":{"start":{"line":83,"column":12},"end":{"line":83,"column":54}},"29":{"start":{"line":84,"column":12},"end":{"line":84,"column":63}},"30":{"start":{"line":87,"column":10},"end":{"line":87,"column":61}},"31":{"start":{"line":89,"column":8},"end":{"line":89,"column":25}},"32":{"start":{"line":91,"column":8},"end":{"line":91,"column":20}},"33":{"start":{"line":98,"column":4},"end":{"line":108,"column":5}},"34":{"start":{"line":99,"column":6},"end":{"line":101,"column":7}},"35":{"start":{"line":100,"column":8},"end":{"line":100,"column":67}},"36":{"start":{"line":103,"column":6},"end":{"line":103,"column":67}},"37":{"start":{"line":104,"column":6},"end":{"line":104,"column":18}},"38":{"start":{"line":106,"column":6},"end":{"line":106,"column":66}},"39":{"start":{"line":107,"column":6},"end":{"line":107,"column":55}},"40":{"start":{"line":113,"column":16},"end":{"line":113,"column":20}},"41":{"start":{"line":116,"column":4},"end":{"line":119,"column":15}},"42":{"start":{"line":118,"column":35},"end":{"line":118,"column":45}},"43":{"start":{"line":121,"column":4},"end":{"line":124,"column":5}},"44":{"start":{"line":122,"column":6},"end":{"line":122,"column":59}},"45":{"start":{"line":123,"column":6},"end":{"line":123,"column":91}},"46":{"start":{"line":126,"column":24},"end":{"line":126,"column":49}},"47":{"start":{"line":127,"column":39},"end":{"line":127,"column":68}},"48":{"start":{"line":129,"column":25},"end":{"line":129,"column":70}},"49":{"start":{"line":130,"column":24},"end":{"line":130,"column":79}},"50":{"start":{"line":132,"column":18},"end":{"line":132,"column":91}},"51":{"start":{"line":132,"column":26},"end":{"line":132,"column":90}},"52":{"start":{"line":134,"column":22},"end":{"line":134,"column":58}},"53":{"start":{"line":135,"column":21},"end":{"line":135,"column":50}},"54":{"start":{"line":137,"column":15},"end":{"line":137,"column":19}},"55":{"start":{"line":138,"column":20},"end":{"line":138,"column":25}},"56":{"start":{"line":140,"column":4},"end":{"line":226,"column":5}},"57":{"start":{"line":141,"column":6},"end":{"line":185,"column":7}},"58":{"start":{"line":142,"column":8},"end":{"line":182,"column":9}},"59":{"start":{"line":143,"column":10},"end":{"line":143,"column":58}},"60":{"start":{"line":145,"column":10},"end":{"line":171,"column":11}},"61":{"start":{"line":146,"column":12},"end":{"line":146,"column":29}},"62":{"start":{"line":147,"column":12},"end":{"line":156,"column":15}},"63":{"start":{"line":158,"column":12},"end":{"line":163,"column":15}},"64":{"start":{"line":164,"column":17},"end":{"line":171,"column":11}},"65":{"start":{"line":165,"column":12},"end":{"line":170,"column":15}},"66":{"start":{"line":173,"column":10},"end":{"line":178,"column":13}},"67":{"start":{"line":180,"column":10},"end":{"line":180,"column":100}},"68":{"start":{"line":181,"column":10},"end":{"line":181,"column":33}},"69":{"start":{"line":184,"column":8},"end":{"line":184,"column":55}},"70":{"start":{"line":187,"column":6},"end":{"line":187,"column":68}},"71":{"start":{"line":188,"column":6},"end":{"line":188,"column":48}},"72":{"start":{"line":190,"column":6},"end":{"line":190,"column":43}},"73":{"start":{"line":192,"column":6},"end":{"line":223,"column":7}},"74":{"start":{"line":193,"column":8},"end":{"line":193,"column":25}},"75":{"start":{"line":194,"column":8},"end":{"line":216,"column":9}},"76":{"start":{"line":195,"column":10},"end":{"line":205,"column":13}},"77":{"start":{"line":206,"column":10},"end":{"line":206,"column":28}},"78":{"start":{"line":208,"column":10},"end":{"line":208,"column":95}},"79":{"start":{"line":210,"column":10},"end":{"line":215,"column":11}},"80":{"start":{"line":211,"column":12},"end":{"line":211,"column":49}},"81":{"start":{"line":212,"column":12},"end":{"line":212,"column":30}},"82":{"start":{"line":214,"column":12},"end":{"line":214,"column":22}},"83":{"start":{"line":217,"column":13},"end":{"line":223,"column":7}},"84":{"start":{"line":218,"column":8},"end":{"line":221,"column":10}},"85":{"start":{"line":222,"column":8},"end":{"line":222,"column":26}},"86":{"start":{"line":225,"column":6},"end":{"line":225,"column":94}},"87":{"start":{"line":228,"column":24},"end":{"line":228,"column":59}},"88":{"start":{"line":229,"column":25},"end":{"line":229,"column":61}},"89":{"start":{"line":231,"column":4},"end":{"line":238,"column":6}},"90":{"start":{"line":242,"column":4},"end":{"line":242,"column":56}},"91":{"start":{"line":243,"column":4},"end":{"line":243,"column":30}},"92":{"start":{"line":247,"column":0},"end":{"line":247,"column":32}}},"fnMap":{"0":{"name":"(anonymous_0)","decl":{"start":{"line":17,"column":2},"end":{"line":17,"column":3}},"loc":{"start":{"line":17,"column":32},"end":{"line":94,"column":3}},"line":17},"1":{"name":"(anonymous_1)","decl":{"start":{"line":28,"column":8},"end":{"line":28,"column":9}},"loc":{"start":{"line":28,"column":65},"end":{"line":41,"column":9}},"line":28},"2":{"name":"(anonymous_2)","decl":{"start":{"line":55,"column":8},"end":{"line":55,"column":9}},"loc":{"start":{"line":55,"column":65},"end":{"line":65,"column":9}},"line":55},"3":{"name":"(anonymous_3)","decl":{"start":{"line":70,"column":27},"end":{"line":70,"column":28}},"loc":{"start":{"line":70,"column":43},"end":{"line":72,"column":5}},"line":70},"4":{"name":"(anonymous_4)","decl":{"start":{"line":74,"column":29},"end":{"line":74,"column":30}},"loc":{"start":{"line":74,"column":49},"end":{"line":93,"column":5}},"line":74},"5":{"name":"(anonymous_5)","decl":{"start":{"line":97,"column":2},"end":{"line":97,"column":3}},"loc":{"start":{"line":97,"column":57},"end":{"line":109,"column":3}},"line":97},"6":{"name":"(anonymous_6)","decl":{"start":{"line":112,"column":2},"end":{"line":112,"column":3}},"loc":{"start":{"line":112,"column":59},"end":{"line":239,"column":3}},"line":112},"7":{"name":"(anonymous_7)","decl":{"start":{"line":118,"column":30},"end":{"line":118,"column":31}},"loc":{"start":{"line":118,"column":35},"end":{"line":118,"column":45}},"line":118},"8":{"name":"(anonymous_8)","decl":{"start":{"line":132,"column":18},"end":{"line":132,"column":19}},"loc":{"start":{"line":132,"column":26},"end":{"line":132,"column":90}},"line":132},"9":{"name":"(anonymous_9)","decl":{"start":{"line":241,"column":2},"end":{"line":241,"column":3}},"loc":{"start":{"line":241,"column":49},"end":{"line":244,"column":3}},"line":241}},"branchMap":{"0":{"loc":{"start":{"line":71,"column":17},"end":{"line":71,"column":46}},"type":"binary-expr","locations":[{"start":{"line":71,"column":17},"end":{"line":71,"column":30}},{"start":{"line":71,"column":34},"end":{"line":71,"column":46}}],"line":71},"1":{"loc":{"start":{"line":78,"column":8},"end":{"line":88,"column":9}},"type":"if","locations":[{"start":{"line":78,"column":8},"end":{"line":88,"column":9}},{"start":{"line":86,"column":15},"end":{"line":88,"column":9}}],"line":78},"2":{"loc":{"start":{"line":99,"column":6},"end":{"line":101,"column":7}},"type":"if","locations":[{"start":{"line":99,"column":6},"end":{"line":101,"column":7}},{"start":{},"end":{}}],"line":99},"3":{"loc":{"start":{"line":99,"column":10},"end":{"line":99,"column":46}},"type":"binary-expr","locations":[{"start":{"line":99,"column":10},"end":{"line":99,"column":19}},{"start":{"line":99,"column":23},"end":{"line":99,"column":46}}],"line":99},"4":{"loc":{"start":{"line":112,"column":46},"end":{"line":112,"column":57}},"type":"default-arg","locations":[{"start":{"line":112,"column":55},"end":{"line":112,"column":57}}],"line":112},"5":{"loc":{"start":{"line":117,"column":6},"end":{"line":119,"column":14}},"type":"cond-expr","locations":[{"start":{"line":118,"column":10},"end":{"line":118,"column":80}},{"start":{"line":119,"column":10},"end":{"line":119,"column":14}}],"line":117},"6":{"loc":{"start":{"line":117,"column":6},"end":{"line":117,"column":64}},"type":"binary-expr","locations":[{"start":{"line":117,"column":6},"end":{"line":117,"column":35}},{"start":{"line":117,"column":39},"end":{"line":117,"column":64}}],"line":117},"7":{"loc":{"start":{"line":118,"column":10},"end":{"line":118,"column":80}},"type":"binary-expr","locations":[{"start":{"line":118,"column":10},"end":{"line":118,"column":53}},{"start":{"line":118,"column":57},"end":{"line":118,"column":80}}],"line":118},"8":{"loc":{"start":{"line":121,"column":4},"end":{"line":124,"column":5}},"type":"if","locations":[{"start":{"line":121,"column":4},"end":{"line":124,"column":5}},{"start":{},"end":{}}],"line":121},"9":{"loc":{"start":{"line":126,"column":24},"end":{"line":126,"column":49}},"type":"binary-expr","locations":[{"start":{"line":126,"column":24},"end":{"line":126,"column":43}},{"start":{"line":126,"column":47},"end":{"line":126,"column":49}}],"line":126},"10":{"loc":{"start":{"line":129,"column":25},"end":{"line":129,"column":70}},"type":"binary-expr","locations":[{"start":{"line":129,"column":25},"end":{"line":129,"column":48}},{"start":{"line":129,"column":52},"end":{"line":129,"column":62}},{"start":{"line":129,"column":66},"end":{"line":129,"column":70}}],"line":129},"11":{"loc":{"start":{"line":130,"column":24},"end":{"line":130,"column":79}},"type":"binary-expr","locations":[{"start":{"line":130,"column":24},"end":{"line":130,"column":48}},{"start":{"line":130,"column":52},"end":{"line":130,"column":71}},{"start":{"line":130,"column":75},"end":{"line":130,"column":79}}],"line":130},"12":{"loc":{"start":{"line":132,"column":26},"end":{"line":132,"column":90}},"type":"cond-expr","locations":[{"start":{"line":132,"column":73},"end":{"line":132,"column":83}},{"start":{"line":132,"column":86},"end":{"line":132,"column":90}}],"line":132},"13":{"loc":{"start":{"line":132,"column":26},"end":{"line":132,"column":70}},"type":"binary-expr","locations":[{"start":{"line":132,"column":26},"end":{"line":132,"column":49}},{"start":{"line":132,"column":53},"end":{"line":132,"column":70}}],"line":132},"14":{"loc":{"start":{"line":134,"column":22},"end":{"line":134,"column":58}},"type":"binary-expr","locations":[{"start":{"line":134,"column":22},"end":{"line":134,"column":41}},{"start":{"line":134,"column":45},"end":{"line":134,"column":58}}],"line":134},"15":{"loc":{"start":{"line":135,"column":21},"end":{"line":135,"column":50}},"type":"binary-expr","locations":[{"start":{"line":135,"column":21},"end":{"line":135,"column":39}},{"start":{"line":135,"column":43},"end":{"line":135,"column":50}}],"line":135},"16":{"loc":{"start":{"line":141,"column":6},"end":{"line":185,"column":7}},"type":"if","locations":[{"start":{"line":141,"column":6},"end":{"line":185,"column":7}},{"start":{"line":183,"column":13},"end":{"line":185,"column":7}}],"line":141},"17":{"loc":{"start":{"line":145,"column":10},"end":{"line":171,"column":11}},"type":"if","locations":[{"start":{"line":145,"column":10},"end":{"line":171,"column":11}},{"start":{"line":164,"column":17},"end":{"line":171,"column":11}}],"line":145},"18":{"loc":{"start":{"line":164,"column":17},"end":{"line":171,"column":11}},"type":"if","locations":[{"start":{"line":164,"column":17},"end":{"line":171,"column":11}},{"start":{},"end":{}}],"line":164},"19":{"loc":{"start":{"line":164,"column":21},"end":{"line":164,"column":72}},"type":"binary-expr","locations":[{"start":{"line":164,"column":21},"end":{"line":164,"column":32}},{"start":{"line":164,"column":36},"end":{"line":164,"column":72}}],"line":164},"20":{"loc":{"start":{"line":192,"column":6},"end":{"line":223,"column":7}},"type":"if","locations":[{"start":{"line":192,"column":6},"end":{"line":223,"column":7}},{"start":{"line":217,"column":13},"end":{"line":223,"column":7}}],"line":192},"21":{"loc":{"start":{"line":210,"column":10},"end":{"line":215,"column":11}},"type":"if","locations":[{"start":{"line":210,"column":10},"end":{"line":215,"column":11}},{"start":{"line":213,"column":17},"end":{"line":215,"column":11}}],"line":210},"22":{"loc":{"start":{"line":217,"column":13},"end":{"line":223,"column":7}},"type":"if","locations":[{"start":{"line":217,"column":13},"end":{"line":223,"column":7}},{"start":{},"end":{}}],"line":217},"23":{"loc":{"start":{"line":217,"column":17},"end":{"line":217,"column":68}},"type":"binary-expr","locations":[{"start":{"line":217,"column":17},"end":{"line":217,"column":28}},{"start":{"line":217,"column":32},"end":{"line":217,"column":68}}],"line":217},"24":{"loc":{"start":{"line":233,"column":12},"end":{"line":233,"column":46}},"type":"cond-expr","locations":[{"start":{"line":233,"column":26},"end":{"line":233,"column":39}},{"start":{"line":233,"column":42},"end":{"line":233,"column":46}}],"line":233}},"s":{"0":0,"1":0,"2":0,"3":0,"4":0,"5":0,"6":0,"7":0,"8":0,"9":0,"10":0,"11":0,"12":0,"13":0,"14":0,"15":0,"16":0,"17":0,"18":0,"19":0,"20":0,"21":0,"22":0,"23":0,"24":0,"25":0,"26":0,"27":0,"28":0,"29":0,"30":0,"31":0,"32":0,"33":0,"34":0,"35":0,"36":0,"37":0,"38":0,"39":0,"40":0,"41":0,"42":0,"43":0,"44":0,"45":0,"46":0,"47":0,"48":0,"49":0,"50":0,"51":0,"52":0,"53":0,"54":0,"55":0,"56":0,"57":0,"58":0,"59":0,"60":0,"61":0,"62":0,"63":0,"64":0,"65":0,"66":0,"67":0,"68":0,"69":0,"70":0,"71":0,"72":0,"73":0,"74":0,"75":0,"76":0,"77":0,"78":0,"79":0,"80":0,"81":0,"82":0,"83":0,"84":0,"85":0,"86":0,"87":0,"88":0,"89":0,"90":0,"91":0,"92":0},"f":{"0":0,"1":0,"2":0,"3":0,"4":0,"5":0,"6":0,"7":0,"8":0,"9":0},"b":{"0":[0,0],"1":[0,0],"2":[0,0],"3":[0,0],"4":[0],"5":[0,0],"6":[0,0],"7":[0,0],"8":[0,0],"9":[0,0],"10":[0,0,0],"11":[0,0,0],"12":[0,0],"13":[0,0],"14":[0,0],"15":[0,0],"16":[0,0],"17":[0,0],"18":[0,0],"19":[0,0],"20":[0,0],"21":[0,0],"22":[0,0],"23":[0,0],"24":[0,0]}}
,"C:\\Users\\plous\\Documents\\Developpement-YNOV\\2024-2025-m2\\Projet_pour_examens\\RoadTrip\\auth-service\\controllers\\authController.js": {"path":"C:\\Users\\plous\\Documents\\Developpement-YNOV\\2024-2025-m2\\Projet_pour_examens\\RoadTrip\\auth-service\\controllers\\authController.js","statementMap":{"0":{"start":{"line":4,"column":4},"end":{"line":52,"column":5}},"1":{"start":{"line":5,"column":6},"end":{"line":9,"column":7}},"2":{"start":{"line":6,"column":8},"end":{"line":8,"column":63}},"3":{"start":{"line":11,"column":50},"end":{"line":11,"column":58}},"4":{"start":{"line":12,"column":64},"end":{"line":12,"column":68}},"5":{"start":{"line":14,"column":6},"end":{"line":17,"column":9}},"6":{"start":{"line":19,"column":26},"end":{"line":19,"column":66}},"7":{"start":{"line":21,"column":6},"end":{"line":37,"column":7}},"8":{"start":{"line":22,"column":8},"end":{"line":36,"column":11}},"9":{"start":{"line":39,"column":26},"end":{"line":41,"column":7}},"10":{"start":{"line":42,"column":6},"end":{"line":42,"column":47}},"11":{"start":{"line":43,"column":6},"end":{"line":43,"column":57}},"12":{"start":{"line":45,"column":6},"end":{"line":45,"column":50}},"13":{"start":{"line":47,"column":6},"end":{"line":50,"column":8}},"14":{"start":{"line":51,"column":6},"end":{"line":51,"column":18}},"15":{"start":{"line":56,"column":0},"end":{"line":56,"column":32}}},"fnMap":{"0":{"name":"(anonymous_0)","decl":{"start":{"line":3,"column":2},"end":{"line":3,"column":3}},"loc":{"start":{"line":3,"column":50},"end":{"line":53,"column":3}},"line":3}},"branchMap":{"0":{"loc":{"start":{"line":5,"column":6},"end":{"line":9,"column":7}},"type":"if","locations":[{"start":{"line":5,"column":6},"end":{"line":9,"column":7}},{"start":{},"end":{}}],"line":5},"1":{"loc":{"start":{"line":21,"column":6},"end":{"line":37,"column":7}},"type":"if","locations":[{"start":{"line":21,"column":6},"end":{"line":37,"column":7}},{"start":{},"end":{}}],"line":21},"2":{"loc":{"start":{"line":40,"column":8},"end":{"line":40,"column":60}},"type":"binary-expr","locations":[{"start":{"line":40,"column":8},"end":{"line":40,"column":32}},{"start":{"line":40,"column":36},"end":{"line":40,"column":60}}],"line":40}},"s":{"0":0,"1":0,"2":0,"3":0,"4":0,"5":0,"6":0,"7":0,"8":0,"9":0,"10":0,"11":0,"12":0,"13":0,"14":0,"15":1},"f":{"0":0},"b":{"0":[0,0],"1":[0,0],"2":[0,0]},"_coverageSchema":"1a1c01bbd47fc00a2c39e90264f33305004495a9","hash":"8de09b2803e5b705c4d435358e5dc72788a94dc3"}
,"C:\\Users\\plous\\Documents\\Developpement-YNOV\\2024-2025-m2\\Projet_pour_examens\\RoadTrip\\auth-service\\models\\User.js": {"path":"C:\\Users\\plous\\Documents\\Developpement-YNOV\\2024-2025-m2\\Projet_pour_examens\\RoadTrip\\auth-service\\models\\User.js","statementMap":{"0":{"start":{"line":1,"column":17},"end":{"line":1,"column":36}},"1":{"start":{"line":2,"column":15},"end":{"line":2,"column":30}},"2":{"start":{"line":4,"column":19},"end":{"line":63,"column":2}},"3":{"start":{"line":66,"column":0},"end":{"line":68,"column":2}},"4":{"start":{"line":67,"column":2},"end":{"line":67,"column":31}},"5":{"start":{"line":71,"column":0},"end":{"line":78,"column":2}},"6":{"start":{"line":72,"column":15},"end":{"line":72,"column":30}},"7":{"start":{"line":73,"column":2},"end":{"line":73,"column":23}},"8":{"start":{"line":74,"column":2},"end":{"line":74,"column":24}},"9":{"start":{"line":75,"column":2},"end":{"line":75,"column":31}},"10":{"start":{"line":76,"column":2},"end":{"line":76,"column":32}},"11":{"start":{"line":77,"column":2},"end":{"line":77,"column":14}},"12":{"start":{"line":80,"column":0},"end":{"line":80,"column":52}}},"fnMap":{"0":{"name":"(anonymous_0)","decl":{"start":{"line":66,"column":29},"end":{"line":66,"column":30}},"loc":{"start":{"line":66,"column":41},"end":{"line":68,"column":1}},"line":66},"1":{"name":"(anonymous_1)","decl":{"start":{"line":71,"column":28},"end":{"line":71,"column":29}},"loc":{"start":{"line":71,"column":40},"end":{"line":78,"column":1}},"line":71}},"branchMap":{},"s":{"0":0,"1":0,"2":0,"3":0,"4":0,"5":0,"6":0,"7":0,"8":0,"9":0,"10":0,"11":0,"12":0},"f":{"0":0,"1":0},"b":{}}
,"C:\\Users\\plous\\Documents\\Developpement-YNOV\\2024-2025-m2\\Projet_pour_examens\\RoadTrip\\auth-service\\routes\\authRoutes.js": {"path":"C:\\Users\\plous\\Documents\\Developpement-YNOV\\2024-2025-m2\\Projet_pour_examens\\RoadTrip\\auth-service\\routes\\authRoutes.js","statementMap":{"0":{"start":{"line":1,"column":16},"end":{"line":1,"column":34}},"1":{"start":{"line":2,"column":17},"end":{"line":2,"column":36}},"2":{"start":{"line":3,"column":23},"end":{"line":3,"column":63}},"3":{"start":{"line":5,"column":15},"end":{"line":5,"column":31}},"4":{"start":{"line":8,"column":0},"end":{"line":12,"column":2}},"5":{"start":{"line":14,"column":0},"end":{"line":20,"column":2}},"6":{"start":{"line":19,"column":22},"end":{"line":19,"column":71}},"7":{"start":{"line":23,"column":0},"end":{"line":27,"column":2}},"8":{"start":{"line":29,"column":0},"end":{"line":35,"column":2}},"9":{"start":{"line":34,"column":22},"end":{"line":34,"column":71}},"10":{"start":{"line":38,"column":0},"end":{"line":58,"column":3}},"11":{"start":{"line":39,"column":2},"end":{"line":57,"column":5}},"12":{"start":{"line":40,"column":4},"end":{"line":45,"column":5}},"13":{"start":{"line":41,"column":6},"end":{"line":41,"column":79}},"14":{"start":{"line":42,"column":6},"end":{"line":44,"column":9}},"15":{"start":{"line":47,"column":4},"end":{"line":56,"column":7}},"16":{"start":{"line":48,"column":6},"end":{"line":50,"column":7}},"17":{"start":{"line":49,"column":8},"end":{"line":49,"column":78}},"18":{"start":{"line":52,"column":6},"end":{"line":52,"column":41}},"19":{"start":{"line":53,"column":6},"end":{"line":55,"column":9}},"20":{"start":{"line":61,"column":0},"end":{"line":74,"column":3}},"21":{"start":{"line":62,"column":2},"end":{"line":73,"column":5}},"22":{"start":{"line":76,"column":0},"end":{"line":76,"column":24}}},"fnMap":{"0":{"name":"(anonymous_0)","decl":{"start":{"line":19,"column":2},"end":{"line":19,"column":3}},"loc":{"start":{"line":19,"column":22},"end":{"line":19,"column":71}},"line":19},"1":{"name":"(anonymous_1)","decl":{"start":{"line":34,"column":2},"end":{"line":34,"column":3}},"loc":{"start":{"line":34,"column":22},"end":{"line":34,"column":71}},"line":34},"2":{"name":"(anonymous_2)","decl":{"start":{"line":38,"column":23},"end":{"line":38,"column":24}},"loc":{"start":{"line":38,"column":37},"end":{"line":58,"column":1}},"line":38},"3":{"name":"(anonymous_3)","decl":{"start":{"line":39,"column":13},"end":{"line":39,"column":14}},"loc":{"start":{"line":39,"column":22},"end":{"line":57,"column":3}},"line":39},"4":{"name":"(anonymous_4)","decl":{"start":{"line":47,"column":24},"end":{"line":47,"column":25}},"loc":{"start":{"line":47,"column":33},"end":{"line":56,"column":5}},"line":47},"5":{"name":"(anonymous_5)","decl":{"start":{"line":61,"column":25},"end":{"line":61,"column":26}},"loc":{"start":{"line":61,"column":39},"end":{"line":74,"column":1}},"line":61}},"branchMap":{"0":{"loc":{"start":{"line":16,"column":24},"end":{"line":16,"column":75}},"type":"binary-expr","locations":[{"start":{"line":16,"column":24},"end":{"line":16,"column":48}},{"start":{"line":16,"column":52},"end":{"line":16,"column":75}}],"line":16},"1":{"loc":{"start":{"line":31,"column":24},"end":{"line":31,"column":75}},"type":"binary-expr","locations":[{"start":{"line":31,"column":24},"end":{"line":31,"column":48}},{"start":{"line":31,"column":52},"end":{"line":31,"column":75}}],"line":31},"2":{"loc":{"start":{"line":40,"column":4},"end":{"line":45,"column":5}},"type":"if","locations":[{"start":{"line":40,"column":4},"end":{"line":45,"column":5}},{"start":{},"end":{}}],"line":40},"3":{"loc":{"start":{"line":48,"column":6},"end":{"line":50,"column":7}},"type":"if","locations":[{"start":{"line":48,"column":6},"end":{"line":50,"column":7}},{"start":{},"end":{}}],"line":48}},"s":{"0":1,"1":1,"2":1,"3":1,"4":1,"5":1,"6":0,"7":1,"8":1,"9":0,"10":1,"11":0,"12":0,"13":0,"14":0,"15":0,"16":0,"17":0,"18":0,"19":0,"20":1,"21":1,"22":1},"f":{"0":0,"1":0,"2":0,"3":0,"4":0,"5":1},"b":{"0":[1,0],"1":[1,0],"2":[0,0],"3":[0,0]},"_coverageSchema":"1a1c01bbd47fc00a2c39e90264f33305004495a9","hash":"1ee39d6cdab5c8fe17e97318f3c012e6a985cca0"}
,"C:\\Users\\plous\\Documents\\Developpement-YNOV\\2024-2025-m2\\Projet_pour_examens\\RoadTrip\\auth-service\\services\\dataService.js": {"path":"C:\\Users\\plous\\Documents\\Developpement-YNOV\\2024-2025-m2\\Projet_pour_examens\\RoadTrip\\auth-service\\services\\dataService.js","statementMap":{"0":{"start":{"line":1,"column":14},"end":{"line":1,"column":30}},"1":{"start":{"line":6,"column":23},"end":{"line":8,"column":45}},"2":{"start":{"line":10,"column":4},"end":{"line":10,"column":73}},"3":{"start":{"line":12,"column":4},"end":{"line":12,"column":39}},"4":{"start":{"line":13,"column":4},"end":{"line":13,"column":44}},"5":{"start":{"line":15,"column":4},"end":{"line":22,"column":7}},"6":{"start":{"line":25,"column":4},"end":{"line":32,"column":7}},"7":{"start":{"line":34,"column":4},"end":{"line":47,"column":6}},"8":{"start":{"line":36,"column":8},"end":{"line":40,"column":10}},"9":{"start":{"line":41,"column":8},"end":{"line":41,"column":22}},"10":{"start":{"line":44,"column":8},"end":{"line":44,"column":63}},"11":{"start":{"line":45,"column":8},"end":{"line":45,"column":37}},"12":{"start":{"line":49,"column":4},"end":{"line":66,"column":6}},"13":{"start":{"line":51,"column":8},"end":{"line":53,"column":10}},"14":{"start":{"line":54,"column":8},"end":{"line":54,"column":24}},"15":{"start":{"line":57,"column":8},"end":{"line":63,"column":10}},"16":{"start":{"line":64,"column":8},"end":{"line":64,"column":37}},"17":{"start":{"line":71,"column":4},"end":{"line":98,"column":5}},"18":{"start":{"line":72,"column":23},"end":{"line":82,"column":8}},"19":{"start":{"line":84,"column":6},"end":{"line":86,"column":9}},"20":{"start":{"line":87,"column":6},"end":{"line":87,"column":27}},"21":{"start":{"line":89,"column":6},"end":{"line":92,"column":8}},"22":{"start":{"line":93,"column":6},"end":{"line":97,"column":8}},"23":{"start":{"line":103,"column":4},"end":{"line":121,"column":5}},"24":{"start":{"line":104,"column":23},"end":{"line":106,"column":7}},"25":{"start":{"line":107,"column":6},"end":{"line":107,"column":27}},"26":{"start":{"line":109,"column":6},"end":{"line":111,"column":7}},"27":{"start":{"line":110,"column":8},"end":{"line":110,"column":20}},"28":{"start":{"line":112,"column":6},"end":{"line":115,"column":8}},"29":{"start":{"line":116,"column":6},"end":{"line":120,"column":8}},"30":{"start":{"line":126,"column":4},"end":{"line":142,"column":5}},"31":{"start":{"line":127,"column":23},"end":{"line":127,"column":64}},"32":{"start":{"line":128,"column":6},"end":{"line":128,"column":27}},"33":{"start":{"line":130,"column":6},"end":{"line":132,"column":7}},"34":{"start":{"line":131,"column":8},"end":{"line":131,"column":20}},"35":{"start":{"line":133,"column":6},"end":{"line":136,"column":8}},"36":{"start":{"line":137,"column":6},"end":{"line":141,"column":8}},"37":{"start":{"line":147,"column":4},"end":{"line":161,"column":5}},"38":{"start":{"line":148,"column":23},"end":{"line":148,"column":76}},"39":{"start":{"line":149,"column":6},"end":{"line":149,"column":77}},"40":{"start":{"line":150,"column":6},"end":{"line":150,"column":27}},"41":{"start":{"line":152,"column":6},"end":{"line":155,"column":8}},"42":{"start":{"line":156,"column":6},"end":{"line":160,"column":8}},"43":{"start":{"line":166,"column":4},"end":{"line":172,"column":5}},"44":{"start":{"line":167,"column":23},"end":{"line":167,"column":61}},"45":{"start":{"line":168,"column":6},"end":{"line":168,"column":27}},"46":{"start":{"line":170,"column":6},"end":{"line":170,"column":69}},"47":{"start":{"line":171,"column":6},"end":{"line":171,"column":53}},"48":{"start":{"line":177,"column":4},"end":{"line":188,"column":5}},"49":{"start":{"line":178,"column":6},"end":{"line":182,"column":9}},"50":{"start":{"line":184,"column":6},"end":{"line":187,"column":8}},"51":{"start":{"line":192,"column":20},"end":{"line":192,"column":37}},"52":{"start":{"line":194,"column":0},"end":{"line":194,"column":29}}},"fnMap":{"0":{"name":"(anonymous_0)","decl":{"start":{"line":4,"column":2},"end":{"line":4,"column":3}},"loc":{"start":{"line":4,"column":16},"end":{"line":67,"column":3}},"line":4},"1":{"name":"(anonymous_1)","decl":{"start":{"line":35,"column":6},"end":{"line":35,"column":7}},"loc":{"start":{"line":35,"column":18},"end":{"line":42,"column":7}},"line":35},"2":{"name":"(anonymous_2)","decl":{"start":{"line":43,"column":6},"end":{"line":43,"column":7}},"loc":{"start":{"line":43,"column":17},"end":{"line":46,"column":7}},"line":43},"3":{"name":"(anonymous_3)","decl":{"start":{"line":50,"column":6},"end":{"line":50,"column":7}},"loc":{"start":{"line":50,"column":20},"end":{"line":55,"column":7}},"line":50},"4":{"name":"(anonymous_4)","decl":{"start":{"line":56,"column":6},"end":{"line":56,"column":7}},"loc":{"start":{"line":56,"column":17},"end":{"line":65,"column":7}},"line":56},"5":{"name":"(anonymous_5)","decl":{"start":{"line":70,"column":2},"end":{"line":70,"column":3}},"loc":{"start":{"line":70,"column":29},"end":{"line":99,"column":3}},"line":70},"6":{"name":"(anonymous_6)","decl":{"start":{"line":102,"column":2},"end":{"line":102,"column":3}},"loc":{"start":{"line":102,"column":31},"end":{"line":122,"column":3}},"line":102},"7":{"name":"(anonymous_7)","decl":{"start":{"line":125,"column":2},"end":{"line":125,"column":3}},"loc":{"start":{"line":125,"column":29},"end":{"line":143,"column":3}},"line":125},"8":{"name":"(anonymous_8)","decl":{"start":{"line":146,"column":2},"end":{"line":146,"column":3}},"loc":{"start":{"line":146,"column":39},"end":{"line":162,"column":3}},"line":146},"9":{"name":"(anonymous_9)","decl":{"start":{"line":165,"column":2},"end":{"line":165,"column":3}},"loc":{"start":{"line":165,"column":22},"end":{"line":173,"column":3}},"line":165},"10":{"name":"(anonymous_10)","decl":{"start":{"line":176,"column":2},"end":{"line":176,"column":3}},"loc":{"start":{"line":176,"column":32},"end":{"line":189,"column":3}},"line":176}},"branchMap":{"0":{"loc":{"start":{"line":6,"column":23},"end":{"line":8,"column":45}},"type":"binary-expr","locations":[{"start":{"line":6,"column":23},"end":{"line":6,"column":58}},{"start":{"line":7,"column":22},"end":{"line":7,"column":50}},{"start":{"line":8,"column":22},"end":{"line":8,"column":45}}],"line":6},"1":{"loc":{"start":{"line":60,"column":21},"end":{"line":60,"column":67}},"type":"binary-expr","locations":[{"start":{"line":60,"column":21},"end":{"line":60,"column":50}},{"start":{"line":60,"column":54},"end":{"line":60,"column":67}}],"line":60},"2":{"loc":{"start":{"line":78,"column":14},"end":{"line":78,"column":37}},"type":"binary-expr","locations":[{"start":{"line":78,"column":14},"end":{"line":78,"column":27}},{"start":{"line":78,"column":31},"end":{"line":78,"column":37}}],"line":78},"3":{"loc":{"start":{"line":79,"column":20},"end":{"line":79,"column":48}},"type":"binary-expr","locations":[{"start":{"line":79,"column":20},"end":{"line":79,"column":39}},{"start":{"line":79,"column":43},"end":{"line":79,"column":48}}],"line":79},"4":{"loc":{"start":{"line":91,"column":8},"end":{"line":91,"column":45}},"type":"binary-expr","locations":[{"start":{"line":91,"column":8},"end":{"line":91,"column":28}},{"start":{"line":91,"column":32},"end":{"line":91,"column":45}}],"line":91},"5":{"loc":{"start":{"line":95,"column":10},"end":{"line":95,"column":56}},"type":"binary-expr","locations":[{"start":{"line":95,"column":10},"end":{"line":95,"column":39}},{"start":{"line":95,"column":43},"end":{"line":95,"column":56}}],"line":95},"6":{"loc":{"start":{"line":109,"column":6},"end":{"line":111,"column":7}},"type":"if","locations":[{"start":{"line":109,"column":6},"end":{"line":111,"column":7}},{"start":{},"end":{}}],"line":109},"7":{"loc":{"start":{"line":114,"column":8},"end":{"line":114,"column":45}},"type":"binary-expr","locations":[{"start":{"line":114,"column":8},"end":{"line":114,"column":28}},{"start":{"line":114,"column":32},"end":{"line":114,"column":45}}],"line":114},"8":{"loc":{"start":{"line":118,"column":10},"end":{"line":118,"column":56}},"type":"binary-expr","locations":[{"start":{"line":118,"column":10},"end":{"line":118,"column":39}},{"start":{"line":118,"column":43},"end":{"line":118,"column":56}}],"line":118},"9":{"loc":{"start":{"line":130,"column":6},"end":{"line":132,"column":7}},"type":"if","locations":[{"start":{"line":130,"column":6},"end":{"line":132,"column":7}},{"start":{},"end":{}}],"line":130},"10":{"loc":{"start":{"line":135,"column":8},"end":{"line":135,"column":45}},"type":"binary-expr","locations":[{"start":{"line":135,"column":8},"end":{"line":135,"column":28}},{"start":{"line":135,"column":32},"end":{"line":135,"column":45}}],"line":135},"11":{"loc":{"start":{"line":139,"column":10},"end":{"line":139,"column":56}},"type":"binary-expr","locations":[{"start":{"line":139,"column":10},"end":{"line":139,"column":39}},{"start":{"line":139,"column":43},"end":{"line":139,"column":56}}],"line":139},"12":{"loc":{"start":{"line":154,"column":8},"end":{"line":154,"column":45}},"type":"binary-expr","locations":[{"start":{"line":154,"column":8},"end":{"line":154,"column":28}},{"start":{"line":154,"column":32},"end":{"line":154,"column":45}}],"line":154},"13":{"loc":{"start":{"line":158,"column":10},"end":{"line":158,"column":56}},"type":"binary-expr","locations":[{"start":{"line":158,"column":10},"end":{"line":158,"column":39}},{"start":{"line":158,"column":43},"end":{"line":158,"column":56}}],"line":158}},"s":{"0":0,"1":0,"2":0,"3":0,"4":0,"5":0,"6":0,"7":0,"8":0,"9":0,"10":0,"11":0,"12":0,"13":0,"14":0,"15":0,"16":0,"17":0,"18":0,"19":0,"20":0,"21":0,"22":0,"23":0,"24":0,"25":0,"26":0,"27":0,"28":0,"29":0,"30":0,"31":0,"32":0,"33":0,"34":0,"35":0,"36":0,"37":0,"38":0,"39":0,"40":0,"41":0,"42":0,"43":0,"44":0,"45":0,"46":0,"47":0,"48":0,"49":0,"50":0,"51":0,"52":0},"f":{"0":0,"1":0,"2":0,"3":0,"4":0,"5":0,"6":0,"7":0,"8":0,"9":0,"10":0},"b":{"0":[0,0,0],"1":[0,0],"2":[0,0],"3":[0,0],"4":[0,0],"5":[0,0],"6":[0,0],"7":[0,0],"8":[0,0],"9":[0,0],"10":[0,0],"11":[0,0],"12":[0,0],"13":[0,0]}}
}
