{"C:\\Users\\plous\\Documents\\Developpement-YNOV\\2024-2025-m2\\Projet_pour_examens\\RoadTrip\\auth-service\\index.js": {"path":"C:\\Users\\plous\\Documents\\Developpement-YNOV\\2024-2025-m2\\Projet_pour_examens\\RoadTrip\\auth-service\\index.js","statementMap":{"0":{"start":{"line":1,"column":0},"end":{"line":1,"column":27}},"1":{"start":{"line":2,"column":16},"end":{"line":2,"column":34}},"2":{"start":{"line":3,"column":17},"end":{"line":3,"column":36}},"3":{"start":{"line":4,"column":13},"end":{"line":4,"column":28}},"4":{"start":{"line":5,"column":16},"end":{"line":5,"column":42}},"5":{"start":{"line":6,"column":17},"end":{"line":6,"column":36}},"6":{"start":{"line":7,"column":15},"end":{"line":7,"column":32}},"7":{"start":{"line":8,"column":18},"end":{"line":8,"column":47}},"8":{"start":{"line":10,"column":23},"end":{"line":10,"column":57}},"9":{"start":{"line":11,"column":19},"end":{"line":11,"column":49}},"10":{"start":{"line":22,"column":4},"end":{"line":22,"column":24}},"11":{"start":{"line":24,"column":12},"end":{"line":24,"column":21}},"12":{"start":{"line":25,"column":13},"end":{"line":25,"column":37}},"13":{"start":{"line":26,"column":21},"end":{"line":26,"column":35}},"14":{"start":{"line":28,"column":0},"end":{"line":28,"column":47}},"15":{"start":{"line":31,"column":19},"end":{"line":31,"column":20}},"16":{"start":{"line":32,"column":17},"end":{"line":32,"column":18}},"17":{"start":{"line":33,"column":23},"end":{"line":33,"column":24}},"18":{"start":{"line":34,"column":23},"end":{"line":34,"column":24}},"19":{"start":{"line":35,"column":18},"end":{"line":35,"column":28}},"20":{"start":{"line":38,"column":0},"end":{"line":399,"column":5}},"21":{"start":{"line":39,"column":2},"end":{"line":398,"column":3}},"22":{"start":{"line":41,"column":4},"end":{"line":52,"column":5}},"23":{"start":{"line":42,"column":6},"end":{"line":49,"column":7}},"24":{"start":{"line":43,"column":8},"end":{"line":43,"column":56}},"25":{"start":{"line":44,"column":8},"end":{"line":44,"column":42}},"26":{"start":{"line":45,"column":8},"end":{"line":45,"column":46}},"27":{"start":{"line":47,"column":8},"end":{"line":47,"column":66}},"28":{"start":{"line":48,"column":8},"end":{"line":48,"column":47}},"29":{"start":{"line":51,"column":6},"end":{"line":51,"column":45}},"30":{"start":{"line":55,"column":4},"end":{"line":63,"column":8}},"31":{"start":{"line":66,"column":27},"end":{"line":70,"column":6}},"32":{"start":{"line":72,"column":25},"end":{"line":76,"column":6}},"33":{"start":{"line":78,"column":4},"end":{"line":78,"column":28}},"34":{"start":{"line":79,"column":4},"end":{"line":79,"column":41}},"35":{"start":{"line":82,"column":4},"end":{"line":87,"column":8}},"36":{"start":{"line":89,"column":4},"end":{"line":89,"column":44}},"37":{"start":{"line":90,"column":4},"end":{"line":90,"column":66}},"38":{"start":{"line":93,"column":29},"end":{"line":93,"column":30}},"39":{"start":{"line":95,"column":4},"end":{"line":142,"column":7}},"40":{"start":{"line":96,"column":20},"end":{"line":96,"column":30}},"41":{"start":{"line":97,"column":6},"end":{"line":97,"column":21}},"42":{"start":{"line":98,"column":6},"end":{"line":98,"column":27}},"43":{"start":{"line":99,"column":6},"end":{"line":99,"column":50}},"44":{"start":{"line":101,"column":6},"end":{"line":139,"column":9}},"45":{"start":{"line":102,"column":25},"end":{"line":102,"column":52}},"46":{"start":{"line":103,"column":8},"end":{"line":103,"column":29}},"47":{"start":{"line":104,"column":8},"end":{"line":104,"column":52}},"48":{"start":{"line":107,"column":8},"end":{"line":114,"column":10}},"49":{"start":{"line":116,"column":8},"end":{"line":120,"column":11}},"50":{"start":{"line":123,"column":8},"end":{"line":125,"column":9}},"51":{"start":{"line":124,"column":10},"end":{"line":124,"column":23}},"52":{"start":{"line":128,"column":8},"end":{"line":138,"column":9}},"53":{"start":{"line":129,"column":10},"end":{"line":129,"column":132}},"54":{"start":{"line":131,"column":10},"end":{"line":135,"column":11}},"55":{"start":{"line":132,"column":12},"end":{"line":132,"column":31}},"56":{"start":{"line":133,"column":17},"end":{"line":135,"column":11}},"57":{"start":{"line":134,"column":12},"end":{"line":134,"column":31}},"58":{"start":{"line":137,"column":10},"end":{"line":137,"column":106}},"59":{"start":{"line":141,"column":6},"end":{"line":141,"column":13}},"60":{"start":{"line":145,"column":4},"end":{"line":156,"column":8}},"61":{"start":{"line":159,"column":4},"end":{"line":159,"column":35}},"62":{"start":{"line":160,"column":4},"end":{"line":160,"column":32}},"63":{"start":{"line":161,"column":4},"end":{"line":161,"column":42}},"64":{"start":{"line":164,"column":4},"end":{"line":164,"column":33}},"65":{"start":{"line":167,"column":4},"end":{"line":170,"column":7}},"66":{"start":{"line":168,"column":6},"end":{"line":168,"column":52}},"67":{"start":{"line":169,"column":6},"end":{"line":169,"column":40}},"68":{"start":{"line":173,"column":4},"end":{"line":232,"column":7}},"69":{"start":{"line":174,"column":21},"end":{"line":174,"column":43}},"70":{"start":{"line":175,"column":24},"end":{"line":175,"column":74}},"71":{"start":{"line":176,"column":30},"end":{"line":177,"column":70}},"72":{"start":{"line":179,"column":21},"end":{"line":216,"column":7}},"73":{"start":{"line":219,"column":29},"end":{"line":219,"column":50}},"74":{"start":{"line":220,"column":31},"end":{"line":220,"column":77}},"75":{"start":{"line":221,"column":30},"end":{"line":221,"column":46}},"76":{"start":{"line":223,"column":6},"end":{"line":225,"column":7}},"77":{"start":{"line":224,"column":8},"end":{"line":224,"column":35}},"78":{"start":{"line":227,"column":24},"end":{"line":227,"column":51}},"79":{"start":{"line":228,"column":6},"end":{"line":228,"column":51}},"80":{"start":{"line":230,"column":25},"end":{"line":230,"column":46}},"81":{"start":{"line":231,"column":6},"end":{"line":231,"column":42}},"82":{"start":{"line":235,"column":4},"end":{"line":247,"column":7}},"83":{"start":{"line":236,"column":21},"end":{"line":244,"column":7}},"84":{"start":{"line":246,"column":6},"end":{"line":246,"column":23}},"85":{"start":{"line":250,"column":4},"end":{"line":270,"column":7}},"86":{"start":{"line":251,"column":6},"end":{"line":269,"column":9}},"87":{"start":{"line":273,"column":4},"end":{"line":302,"column":7}},"88":{"start":{"line":274,"column":24},"end":{"line":285,"column":7}},"89":{"start":{"line":287,"column":33},"end":{"line":289,"column":30}},"90":{"start":{"line":288,"column":33},"end":{"line":288,"column":49}},"91":{"start":{"line":289,"column":25},"end":{"line":289,"column":29}},"92":{"start":{"line":291,"column":6},"end":{"line":301,"column":9}},"93":{"start":{"line":305,"column":4},"end":{"line":314,"column":7}},"94":{"start":{"line":306,"column":6},"end":{"line":313,"column":9}},"95":{"start":{"line":316,"column":4},"end":{"line":326,"column":7}},"96":{"start":{"line":317,"column":6},"end":{"line":317,"column":19}},"97":{"start":{"line":318,"column":6},"end":{"line":318,"column":62}},"98":{"start":{"line":320,"column":6},"end":{"line":325,"column":9}},"99":{"start":{"line":330,"column":4},"end":{"line":373,"column":5}},"100":{"start":{"line":331,"column":6},"end":{"line":372,"column":9}},"101":{"start":{"line":332,"column":8},"end":{"line":332,"column":69}},"102":{"start":{"line":333,"column":8},"end":{"line":333,"column":71}},"103":{"start":{"line":334,"column":8},"end":{"line":334,"column":72}},"104":{"start":{"line":335,"column":8},"end":{"line":335,"column":66}},"105":{"start":{"line":336,"column":8},"end":{"line":336,"column":70}},"106":{"start":{"line":337,"column":8},"end":{"line":337,"column":72}},"107":{"start":{"line":340,"column":33},"end":{"line":340,"column":101}},"108":{"start":{"line":341,"column":8},"end":{"line":341,"column":96}},"109":{"start":{"line":342,"column":8},"end":{"line":345,"column":9}},"110":{"start":{"line":343,"column":10},"end":{"line":343,"column":73}},"111":{"start":{"line":344,"column":10},"end":{"line":344,"column":60}},"112":{"start":{"line":347,"column":35},"end":{"line":347,"column":107}},"113":{"start":{"line":348,"column":8},"end":{"line":348,"column":100}},"114":{"start":{"line":349,"column":8},"end":{"line":352,"column":9}},"115":{"start":{"line":350,"column":10},"end":{"line":350,"column":75}},"116":{"start":{"line":351,"column":10},"end":{"line":351,"column":62}},"117":{"start":{"line":355,"column":28},"end":{"line":355,"column":98}},"118":{"start":{"line":356,"column":8},"end":{"line":356,"column":51}},"119":{"start":{"line":359,"column":8},"end":{"line":362,"column":9}},"120":{"start":{"line":360,"column":10},"end":{"line":360,"column":73}},"121":{"start":{"line":361,"column":10},"end":{"line":361,"column":99}},"122":{"start":{"line":364,"column":8},"end":{"line":366,"column":9}},"123":{"start":{"line":365,"column":10},"end":{"line":365,"column":99}},"124":{"start":{"line":369,"column":8},"end":{"line":369,"column":48}},"125":{"start":{"line":371,"column":8},"end":{"line":371,"column":51}},"126":{"start":{"line":377,"column":6},"end":{"line":377,"column":56}},"127":{"start":{"line":378,"column":6},"end":{"line":378,"column":47}},"128":{"start":{"line":379,"column":6},"end":{"line":379,"column":33}},"129":{"start":{"line":381,"column":6},"end":{"line":388,"column":7}},"130":{"start":{"line":382,"column":8},"end":{"line":385,"column":11}},"131":{"start":{"line":383,"column":10},"end":{"line":383,"column":42}},"132":{"start":{"line":384,"column":10},"end":{"line":384,"column":26}},"133":{"start":{"line":387,"column":8},"end":{"line":387,"column":24}},"134":{"start":{"line":391,"column":4},"end":{"line":391,"column":44}},"135":{"start":{"line":392,"column":4},"end":{"line":392,"column":43}},"136":{"start":{"line":395,"column":4},"end":{"line":395,"column":64}},"137":{"start":{"line":396,"column":4},"end":{"line":396,"column":45}},"138":{"start":{"line":397,"column":4},"end":{"line":397,"column":20}},"139":{"start":{"line":402,"column":0},"end":{"line":402,"column":21}}},"fnMap":{"0":{"name":"(anonymous_0)","decl":{"start":{"line":38,"column":1},"end":{"line":38,"column":2}},"loc":{"start":{"line":38,"column":13},"end":{"line":399,"column":1}},"line":38},"1":{"name":"(anonymous_1)","decl":{"start":{"line":95,"column":12},"end":{"line":95,"column":13}},"loc":{"start":{"line":95,"column":32},"end":{"line":142,"column":5}},"line":95},"2":{"name":"(anonymous_2)","decl":{"start":{"line":101,"column":23},"end":{"line":101,"column":24}},"loc":{"start":{"line":101,"column":29},"end":{"line":139,"column":7}},"line":101},"3":{"name":"(anonymous_3)","decl":{"start":{"line":167,"column":24},"end":{"line":167,"column":25}},"loc":{"start":{"line":167,"column":44},"end":{"line":170,"column":5}},"line":167},"4":{"name":"(anonymous_4)","decl":{"start":{"line":173,"column":23},"end":{"line":173,"column":24}},"loc":{"start":{"line":173,"column":37},"end":{"line":232,"column":5}},"line":173},"5":{"name":"(anonymous_5)","decl":{"start":{"line":235,"column":23},"end":{"line":235,"column":24}},"loc":{"start":{"line":235,"column":37},"end":{"line":247,"column":5}},"line":235},"6":{"name":"(anonymous_6)","decl":{"start":{"line":250,"column":21},"end":{"line":250,"column":22}},"loc":{"start":{"line":250,"column":35},"end":{"line":270,"column":5}},"line":250},"7":{"name":"(anonymous_7)","decl":{"start":{"line":273,"column":26},"end":{"line":273,"column":27}},"loc":{"start":{"line":273,"column":40},"end":{"line":302,"column":5}},"line":273},"8":{"name":"(anonymous_8)","decl":{"start":{"line":288,"column":16},"end":{"line":288,"column":17}},"loc":{"start":{"line":288,"column":33},"end":{"line":288,"column":49}},"line":288},"9":{"name":"(anonymous_9)","decl":{"start":{"line":289,"column":13},"end":{"line":289,"column":14}},"loc":{"start":{"line":289,"column":25},"end":{"line":289,"column":29}},"line":289},"10":{"name":"(anonymous_10)","decl":{"start":{"line":305,"column":12},"end":{"line":305,"column":13}},"loc":{"start":{"line":305,"column":26},"end":{"line":314,"column":5}},"line":305},"11":{"name":"(anonymous_11)","decl":{"start":{"line":316,"column":12},"end":{"line":316,"column":13}},"loc":{"start":{"line":316,"column":37},"end":{"line":326,"column":5}},"line":316},"12":{"name":"(anonymous_12)","decl":{"start":{"line":331,"column":32},"end":{"line":331,"column":33}},"loc":{"start":{"line":331,"column":38},"end":{"line":372,"column":7}},"line":331},"13":{"name":"gracefulShutdown","decl":{"start":{"line":376,"column":13},"end":{"line":376,"column":29}},"loc":{"start":{"line":376,"column":38},"end":{"line":389,"column":5}},"line":376},"14":{"name":"(anonymous_14)","decl":{"start":{"line":382,"column":21},"end":{"line":382,"column":22}},"loc":{"start":{"line":382,"column":27},"end":{"line":385,"column":9}},"line":382}},"branchMap":{"0":{"loc":{"start":{"line":25,"column":13},"end":{"line":25,"column":37}},"type":"binary-expr","locations":[{"start":{"line":25,"column":13},"end":{"line":25,"column":29}},{"start":{"line":25,"column":33},"end":{"line":25,"column":37}}],"line":25},"1":{"loc":{"start":{"line":41,"column":4},"end":{"line":52,"column":5}},"type":"if","locations":[{"start":{"line":41,"column":4},"end":{"line":52,"column":5}},{"start":{"line":50,"column":11},"end":{"line":52,"column":5}}],"line":41},"2":{"loc":{"start":{"line":83,"column":14},"end":{"line":83,"column":78}},"type":"binary-expr","locations":[{"start":{"line":83,"column":14},"end":{"line":83,"column":49}},{"start":{"line":83,"column":53},"end":{"line":83,"column":78}}],"line":83},"3":{"loc":{"start":{"line":110,"column":19},"end":{"line":110,"column":46}},"type":"binary-expr","locations":[{"start":{"line":110,"column":19},"end":{"line":110,"column":34}},{"start":{"line":110,"column":38},"end":{"line":110,"column":46}}],"line":110},"4":{"loc":{"start":{"line":118,"column":17},"end":{"line":118,"column":44}},"type":"binary-expr","locations":[{"start":{"line":118,"column":17},"end":{"line":118,"column":32}},{"start":{"line":118,"column":36},"end":{"line":118,"column":44}}],"line":118},"5":{"loc":{"start":{"line":123,"column":8},"end":{"line":125,"column":9}},"type":"if","locations":[{"start":{"line":123,"column":8},"end":{"line":125,"column":9}},{"start":{},"end":{}}],"line":123},"6":{"loc":{"start":{"line":128,"column":8},"end":{"line":138,"column":9}},"type":"if","locations":[{"start":{"line":128,"column":8},"end":{"line":138,"column":9}},{"start":{"line":136,"column":15},"end":{"line":138,"column":9}}],"line":128},"7":{"loc":{"start":{"line":131,"column":10},"end":{"line":135,"column":11}},"type":"if","locations":[{"start":{"line":131,"column":10},"end":{"line":135,"column":11}},{"start":{"line":133,"column":17},"end":{"line":135,"column":11}}],"line":131},"8":{"loc":{"start":{"line":133,"column":17},"end":{"line":135,"column":11}},"type":"if","locations":[{"start":{"line":133,"column":17},"end":{"line":135,"column":11}},{"start":{},"end":{}}],"line":133},"9":{"loc":{"start":{"line":146,"column":14},"end":{"line":146,"column":61}},"type":"binary-expr","locations":[{"start":{"line":146,"column":14},"end":{"line":146,"column":40}},{"start":{"line":146,"column":44},"end":{"line":146,"column":61}}],"line":146},"10":{"loc":{"start":{"line":153,"column":18},"end":{"line":153,"column":74}},"type":"cond-expr","locations":[{"start":{"line":153,"column":58},"end":{"line":153,"column":66}},{"start":{"line":153,"column":69},"end":{"line":153,"column":74}}],"line":153},"11":{"loc":{"start":{"line":175,"column":24},"end":{"line":175,"column":74}},"type":"cond-expr","locations":[{"start":{"line":175,"column":44},"end":{"line":175,"column":69}},{"start":{"line":175,"column":73},"end":{"line":175,"column":74}}],"line":175},"12":{"loc":{"start":{"line":176,"column":30},"end":{"line":177,"column":70}},"type":"cond-expr","locations":[{"start":{"line":177,"column":9},"end":{"line":177,"column":65}},{"start":{"line":177,"column":69},"end":{"line":177,"column":70}}],"line":176},"13":{"loc":{"start":{"line":201,"column":21},"end":{"line":201,"column":85}},"type":"binary-expr","locations":[{"start":{"line":201,"column":21},"end":{"line":201,"column":49}},{"start":{"line":201,"column":53},"end":{"line":201,"column":85}}],"line":201},"14":{"loc":{"start":{"line":202,"column":23},"end":{"line":202,"column":91}},"type":"binary-expr","locations":[{"start":{"line":202,"column":23},"end":{"line":202,"column":53}},{"start":{"line":202,"column":57},"end":{"line":202,"column":91}}],"line":202},"15":{"loc":{"start":{"line":205,"column":23},"end":{"line":205,"column":60}},"type":"binary-expr","locations":[{"start":{"line":205,"column":23},"end":{"line":205,"column":43}},{"start":{"line":205,"column":47},"end":{"line":205,"column":60}}],"line":205},"16":{"loc":{"start":{"line":220,"column":31},"end":{"line":220,"column":77}},"type":"binary-expr","locations":[{"start":{"line":220,"column":31},"end":{"line":220,"column":51}},{"start":{"line":220,"column":55},"end":{"line":220,"column":77}}],"line":220},"17":{"loc":{"start":{"line":223,"column":6},"end":{"line":225,"column":7}},"type":"if","locations":[{"start":{"line":223,"column":6},"end":{"line":225,"column":7}},{"start":{},"end":{}}],"line":223},"18":{"loc":{"start":{"line":223,"column":10},"end":{"line":223,"column":65}},"type":"binary-expr","locations":[{"start":{"line":223,"column":10},"end":{"line":223,"column":25}},{"start":{"line":223,"column":29},"end":{"line":223,"column":46}},{"start":{"line":223,"column":50},"end":{"line":223,"column":65}}],"line":223},"19":{"loc":{"start":{"line":230,"column":25},"end":{"line":230,"column":46}},"type":"cond-expr","locations":[{"start":{"line":230,"column":37},"end":{"line":230,"column":40}},{"start":{"line":230,"column":43},"end":{"line":230,"column":46}}],"line":230},"20":{"loc":{"start":{"line":276,"column":24},"end":{"line":276,"column":88}},"type":"binary-expr","locations":[{"start":{"line":276,"column":24},"end":{"line":276,"column":52}},{"start":{"line":276,"column":56},"end":{"line":276,"column":88}}],"line":276},"21":{"loc":{"start":{"line":281,"column":24},"end":{"line":281,"column":92}},"type":"binary-expr","locations":[{"start":{"line":281,"column":24},"end":{"line":281,"column":54}},{"start":{"line":281,"column":58},"end":{"line":281,"column":92}}],"line":281},"22":{"loc":{"start":{"line":320,"column":17},"end":{"line":320,"column":38}},"type":"binary-expr","locations":[{"start":{"line":320,"column":17},"end":{"line":320,"column":31}},{"start":{"line":320,"column":35},"end":{"line":320,"column":38}}],"line":320},"23":{"loc":{"start":{"line":323,"column":17},"end":{"line":323,"column":57}},"type":"binary-expr","locations":[{"start":{"line":323,"column":17},"end":{"line":323,"column":28}},{"start":{"line":323,"column":32},"end":{"line":323,"column":57}}],"line":323},"24":{"loc":{"start":{"line":330,"column":4},"end":{"line":373,"column":5}},"type":"if","locations":[{"start":{"line":330,"column":4},"end":{"line":373,"column":5}},{"start":{},"end":{}}],"line":330},"25":{"loc":{"start":{"line":340,"column":36},"end":{"line":340,"column":100}},"type":"binary-expr","locations":[{"start":{"line":340,"column":36},"end":{"line":340,"column":64}},{"start":{"line":340,"column":68},"end":{"line":340,"column":100}}],"line":340},"26":{"loc":{"start":{"line":341,"column":40},"end":{"line":341,"column":92}},"type":"cond-expr","locations":[{"start":{"line":341,"column":59},"end":{"line":341,"column":72}},{"start":{"line":341,"column":75},"end":{"line":341,"column":92}}],"line":341},"27":{"loc":{"start":{"line":342,"column":8},"end":{"line":345,"column":9}},"type":"if","locations":[{"start":{"line":342,"column":8},"end":{"line":345,"column":9}},{"start":{},"end":{}}],"line":342},"28":{"loc":{"start":{"line":347,"column":38},"end":{"line":347,"column":106}},"type":"binary-expr","locations":[{"start":{"line":347,"column":38},"end":{"line":347,"column":68}},{"start":{"line":347,"column":72},"end":{"line":347,"column":106}}],"line":347},"29":{"loc":{"start":{"line":348,"column":42},"end":{"line":348,"column":96}},"type":"cond-expr","locations":[{"start":{"line":348,"column":63},"end":{"line":348,"column":76}},{"start":{"line":348,"column":79},"end":{"line":348,"column":96}}],"line":348},"30":{"loc":{"start":{"line":349,"column":8},"end":{"line":352,"column":9}},"type":"if","locations":[{"start":{"line":349,"column":8},"end":{"line":352,"column":9}},{"start":{},"end":{}}],"line":349},"31":{"loc":{"start":{"line":355,"column":28},"end":{"line":355,"column":98}},"type":"cond-expr","locations":[{"start":{"line":355,"column":67},"end":{"line":355,"column":79}},{"start":{"line":355,"column":82},"end":{"line":355,"column":98}}],"line":355},"32":{"loc":{"start":{"line":359,"column":8},"end":{"line":362,"column":9}},"type":"if","locations":[{"start":{"line":359,"column":8},"end":{"line":362,"column":9}},{"start":{},"end":{}}],"line":359},"33":{"loc":{"start":{"line":359,"column":12},"end":{"line":359,"column":52}},"type":"binary-expr","locations":[{"start":{"line":359,"column":12},"end":{"line":359,"column":29}},{"start":{"line":359,"column":33},"end":{"line":359,"column":52}}],"line":359},"34":{"loc":{"start":{"line":364,"column":8},"end":{"line":366,"column":9}},"type":"if","locations":[{"start":{"line":364,"column":8},"end":{"line":366,"column":9}},{"start":{},"end":{}}],"line":364},"35":{"loc":{"start":{"line":381,"column":6},"end":{"line":388,"column":7}},"type":"if","locations":[{"start":{"line":381,"column":6},"end":{"line":388,"column":7}},{"start":{"line":386,"column":13},"end":{"line":388,"column":7}}],"line":381}},"s":{"0":1,"1":1,"2":1,"3":1,"4":1,"5":1,"6":1,"7":1,"8":1,"9":1,"10":1,"11":1,"12":1,"13":1,"14":1,"15":1,"16":1,"17":1,"18":1,"19":1,"20":1,"21":1,"22":1,"23":1,"24":1,"25":1,"26":1,"27":0,"28":0,"29":0,"30":1,"31":1,"32":1,"33":1,"34":1,"35":1,"36":1,"37":1,"38":1,"39":1,"40":5,"41":5,"42":5,"43":5,"44":5,"45":5,"46":5,"47":5,"48":5,"49":5,"50":5,"51":0,"52":5,"53":0,"54":0,"55":0,"56":0,"57":0,"58":5,"59":5,"60":1,"61":1,"62":1,"63":1,"64":1,"65":1,"66":0,"67":0,"68":1,"69":1,"70":1,"71":1,"72":1,"73":1,"74":1,"75":1,"76":1,"77":0,"78":1,"79":1,"80":1,"81":1,"82":1,"83":0,"84":0,"85":1,"86":1,"87":1,"88":1,"89":1,"90":2,"91":2,"92":1,"93":1,"94":0,"95":1,"96":0,"97":0,"98":0,"99":1,"100":0,"101":0,"102":0,"103":0,"104":0,"105":0,"106":0,"107":0,"108":0,"109":0,"110":0,"111":0,"112":0,"113":0,"114":0,"115":0,"116":0,"117":0,"118":0,"119":0,"120":0,"121":0,"122":0,"123":0,"124":0,"125":0,"126":0,"127":0,"128":0,"129":0,"130":0,"131":0,"132":0,"133":0,"134":1,"135":1,"136":0,"137":0,"138":0,"139":1},"f":{"0":1,"1":5,"2":5,"3":0,"4":1,"5":0,"6":1,"7":1,"8":2,"9":2,"10":0,"11":0,"12":0,"13":0,"14":0},"b":{"0":[1,0],"1":[1,0],"2":[1,0],"3":[5,0],"4":[5,0],"5":[0,5],"6":[0,5],"7":[0,0],"8":[0,0],"9":[1,0],"10":[0,1],"11":[1,0],"12":[0,1],"13":[1,1],"14":[1,1],"15":[1,0],"16":[1,0],"17":[0,1],"18":[1,1,1],"19":[1,0],"20":[1,1],"21":[1,1],"22":[0,0],"23":[0,0],"24":[0,1],"25":[0,0],"26":[0,0],"27":[0,0],"28":[0,0],"29":[0,0],"30":[0,0],"31":[0,0],"32":[0,0],"33":[0,0],"34":[0,0],"35":[0,0]},"_coverageSchema":"1a1c01bbd47fc00a2c39e90264f33305004495a9","hash":"938cda956da0571a83ef570d76ed2bc40464b9e2"}
,"C:\\Users\\plous\\Documents\\Developpement-YNOV\\2024-2025-m2\\Projet_pour_examens\\RoadTrip\\auth-service\\metrics.js": {"path":"C:\\Users\\plous\\Documents\\Developpement-YNOV\\2024-2025-m2\\Projet_pour_examens\\RoadTrip\\auth-service\\metrics.js","statementMap":{"0":{"start":{"line":1,"column":19},"end":{"line":1,"column":41}},"1":{"start":{"line":4,"column":17},"end":{"line":4,"column":42}},"2":{"start":{"line":7,"column":0},"end":{"line":10,"column":3}},"3":{"start":{"line":15,"column":28},"end":{"line":20,"column":2}},"4":{"start":{"line":23,"column":28},"end":{"line":29,"column":2}},"5":{"start":{"line":32,"column":26},"end":{"line":37,"column":2}},"6":{"start":{"line":40,"column":26},"end":{"line":44,"column":2}},"7":{"start":{"line":47,"column":23},"end":{"line":52,"column":2}},"8":{"start":{"line":55,"column":30},"end":{"line":60,"column":2}},"9":{"start":{"line":66,"column":2},"end":{"line":66,"column":76}},"10":{"start":{"line":71,"column":2},"end":{"line":71,"column":69}},"11":{"start":{"line":76,"column":2},"end":{"line":76,"column":78}},"12":{"start":{"line":81,"column":2},"end":{"line":81,"column":31}},"13":{"start":{"line":84,"column":0},"end":{"line":96,"column":2}}},"fnMap":{"0":{"name":"updateServiceHealth","decl":{"start":{"line":65,"column":9},"end":{"line":65,"column":28}},"loc":{"start":{"line":65,"column":53},"end":{"line":67,"column":1}},"line":65},"1":{"name":"updateDatabaseHealth","decl":{"start":{"line":70,"column":9},"end":{"line":70,"column":29}},"loc":{"start":{"line":70,"column":51},"end":{"line":72,"column":1}},"line":70},"2":{"name":"updateExternalServiceHealth","decl":{"start":{"line":75,"column":9},"end":{"line":75,"column":36}},"loc":{"start":{"line":75,"column":61},"end":{"line":77,"column":1}},"line":75},"3":{"name":"updateActiveConnections","decl":{"start":{"line":80,"column":9},"end":{"line":80,"column":32}},"loc":{"start":{"line":80,"column":40},"end":{"line":82,"column":1}},"line":80}},"branchMap":{"0":{"loc":{"start":{"line":9,"column":13},"end":{"line":9,"column":50}},"type":"binary-expr","locations":[{"start":{"line":9,"column":13},"end":{"line":9,"column":37}},{"start":{"line":9,"column":41},"end":{"line":9,"column":50}}],"line":9},"1":{"loc":{"start":{"line":66,"column":57},"end":{"line":66,"column":74}},"type":"cond-expr","locations":[{"start":{"line":66,"column":69},"end":{"line":66,"column":70}},{"start":{"line":66,"column":73},"end":{"line":66,"column":74}}],"line":66},"2":{"loc":{"start":{"line":71,"column":48},"end":{"line":71,"column":67}},"type":"cond-expr","locations":[{"start":{"line":71,"column":62},"end":{"line":71,"column":63}},{"start":{"line":71,"column":66},"end":{"line":71,"column":67}}],"line":71},"3":{"loc":{"start":{"line":76,"column":59},"end":{"line":76,"column":76}},"type":"cond-expr","locations":[{"start":{"line":76,"column":71},"end":{"line":76,"column":72}},{"start":{"line":76,"column":75},"end":{"line":76,"column":76}}],"line":76}},"s":{"0":1,"1":1,"2":1,"3":1,"4":1,"5":1,"6":1,"7":1,"8":1,"9":1,"10":1,"11":0,"12":10,"13":1},"f":{"0":1,"1":1,"2":0,"3":10},"b":{"0":[1,1],"1":[1,0],"2":[1,0],"3":[0,0]},"_coverageSchema":"1a1c01bbd47fc00a2c39e90264f33305004495a9","hash":"984926e92977e070a853acedf648e291c6fa1e9a"}
,"C:\\Users\\plous\\Documents\\Developpement-YNOV\\2024-2025-m2\\Projet_pour_examens\\RoadTrip\\auth-service\\config\\jwtConfig.js": {"path":"C:\\Users\\plous\\Documents\\Developpement-YNOV\\2024-2025-m2\\Projet_pour_examens\\RoadTrip\\auth-service\\config\\jwtConfig.js","statementMap":{"0":{"start":{"line":1,"column":12},"end":{"line":1,"column":35}},"1":{"start":{"line":6,"column":4},"end":{"line":21,"column":5}},"2":{"start":{"line":7,"column":6},"end":{"line":17,"column":8}},"3":{"start":{"line":19,"column":6},"end":{"line":19,"column":68}},"4":{"start":{"line":20,"column":6},"end":{"line":20,"column":18}},"5":{"start":{"line":26,"column":4},"end":{"line":40,"column":5}},"6":{"start":{"line":27,"column":6},"end":{"line":36,"column":8}},"7":{"start":{"line":38,"column":6},"end":{"line":38,"column":88}},"8":{"start":{"line":39,"column":6},"end":{"line":39,"column":18}},"9":{"start":{"line":45,"column":4},"end":{"line":57,"column":5}},"10":{"start":{"line":46,"column":6},"end":{"line":46,"column":55}},"11":{"start":{"line":48,"column":6},"end":{"line":51,"column":7}},"12":{"start":{"line":49,"column":8},"end":{"line":49,"column":37}},"13":{"start":{"line":50,"column":8},"end":{"line":50,"column":40}},"14":{"start":{"line":52,"column":6},"end":{"line":55,"column":7}},"15":{"start":{"line":53,"column":8},"end":{"line":53,"column":39}},"16":{"start":{"line":54,"column":8},"end":{"line":54,"column":42}},"17":{"start":{"line":56,"column":6},"end":{"line":56,"column":18}},"18":{"start":{"line":62,"column":4},"end":{"line":76,"column":5}},"19":{"start":{"line":63,"column":22},"end":{"line":63,"column":52}},"20":{"start":{"line":66,"column":26},"end":{"line":70,"column":8}},"21":{"start":{"line":72,"column":6},"end":{"line":72,"column":25}},"22":{"start":{"line":74,"column":6},"end":{"line":74,"column":71}},"23":{"start":{"line":75,"column":6},"end":{"line":75,"column":18}},"24":{"start":{"line":80,"column":0},"end":{"line":80,"column":27}}},"fnMap":{"0":{"name":"(anonymous_0)","decl":{"start":{"line":5,"column":2},"end":{"line":5,"column":3}},"loc":{"start":{"line":5,"column":35},"end":{"line":22,"column":3}},"line":5},"1":{"name":"(anonymous_1)","decl":{"start":{"line":25,"column":2},"end":{"line":25,"column":3}},"loc":{"start":{"line":25,"column":36},"end":{"line":41,"column":3}},"line":25},"2":{"name":"(anonymous_2)","decl":{"start":{"line":44,"column":2},"end":{"line":44,"column":3}},"loc":{"start":{"line":44,"column":28},"end":{"line":58,"column":3}},"line":44},"3":{"name":"(anonymous_3)","decl":{"start":{"line":61,"column":2},"end":{"line":61,"column":3}},"loc":{"start":{"line":61,"column":36},"end":{"line":77,"column":3}},"line":61}},"branchMap":{"0":{"loc":{"start":{"line":15,"column":21},"end":{"line":15,"column":55}},"type":"binary-expr","locations":[{"start":{"line":15,"column":21},"end":{"line":15,"column":47}},{"start":{"line":15,"column":51},"end":{"line":15,"column":55}}],"line":15},"1":{"loc":{"start":{"line":34,"column":21},"end":{"line":34,"column":63}},"type":"binary-expr","locations":[{"start":{"line":34,"column":21},"end":{"line":34,"column":55}},{"start":{"line":34,"column":59},"end":{"line":34,"column":63}}],"line":34},"2":{"loc":{"start":{"line":48,"column":6},"end":{"line":51,"column":7}},"type":"if","locations":[{"start":{"line":48,"column":6},"end":{"line":51,"column":7}},{"start":{},"end":{}}],"line":48},"3":{"loc":{"start":{"line":52,"column":6},"end":{"line":55,"column":7}},"type":"if","locations":[{"start":{"line":52,"column":6},"end":{"line":55,"column":7}},{"start":{},"end":{}}],"line":52}},"s":{"0":0,"1":0,"2":0,"3":0,"4":0,"5":0,"6":0,"7":0,"8":0,"9":0,"10":0,"11":0,"12":0,"13":0,"14":0,"15":0,"16":0,"17":0,"18":0,"19":0,"20":0,"21":0,"22":0,"23":0,"24":0},"f":{"0":0,"1":0,"2":0,"3":0},"b":{"0":[0,0],"1":[0,0],"2":[0,0],"3":[0,0]}}
,"C:\\Users\\plous\\Documents\\Developpement-YNOV\\2024-2025-m2\\Projet_pour_examens\\RoadTrip\\auth-service\\config\\passportConfig.js": {"path":"C:\\Users\\plous\\Documents\\Developpement-YNOV\\2024-2025-m2\\Projet_pour_examens\\RoadTrip\\auth-service\\config\\passportConfig.js","statementMap":{"0":{"start":{"line":1,"column":17},"end":{"line":1,"column":36}},"1":{"start":{"line":2,"column":23},"end":{"line":2,"column":66}},"2":{"start":{"line":3,"column":25},"end":{"line":3,"column":62}},"3":{"start":{"line":4,"column":18},"end":{"line":4,"column":48}},"4":{"start":{"line":5,"column":13},"end":{"line":5,"column":38}},"5":{"start":{"line":9,"column":0},"end":{"line":14,"column":1}},"6":{"start":{"line":10,"column":2},"end":{"line":10,"column":51}},"7":{"start":{"line":12,"column":2},"end":{"line":12,"column":82}},"8":{"start":{"line":13,"column":2},"end":{"line":13,"column":44}},"9":{"start":{"line":19,"column":4},"end":{"line":43,"column":6}},"10":{"start":{"line":29,"column":10},"end":{"line":40,"column":11}},"11":{"start":{"line":30,"column":12},"end":{"line":30,"column":85}},"12":{"start":{"line":32,"column":25},"end":{"line":36,"column":14}},"13":{"start":{"line":37,"column":12},"end":{"line":37,"column":36}},"14":{"start":{"line":39,"column":12},"end":{"line":39,"column":72}},"15":{"start":{"line":46,"column":4},"end":{"line":67,"column":6}},"16":{"start":{"line":56,"column":10},"end":{"line":64,"column":11}},"17":{"start":{"line":57,"column":25},"end":{"line":60,"column":14}},"18":{"start":{"line":61,"column":12},"end":{"line":61,"column":36}},"19":{"start":{"line":63,"column":12},"end":{"line":63,"column":74}},"20":{"start":{"line":70,"column":4},"end":{"line":72,"column":7}},"21":{"start":{"line":71,"column":6},"end":{"line":71,"column":48}},"22":{"start":{"line":74,"column":4},"end":{"line":93,"column":7}},"23":{"start":{"line":75,"column":6},"end":{"line":92,"column":7}},"24":{"start":{"line":78,"column":8},"end":{"line":88,"column":9}},"25":{"start":{"line":79,"column":10},"end":{"line":85,"column":11}},"26":{"start":{"line":80,"column":12},"end":{"line":80,"column":54}},"27":{"start":{"line":82,"column":12},"end":{"line":82,"column":75}},"28":{"start":{"line":83,"column":12},"end":{"line":83,"column":54}},"29":{"start":{"line":84,"column":12},"end":{"line":84,"column":63}},"30":{"start":{"line":87,"column":10},"end":{"line":87,"column":61}},"31":{"start":{"line":89,"column":8},"end":{"line":89,"column":25}},"32":{"start":{"line":91,"column":8},"end":{"line":91,"column":20}},"33":{"start":{"line":98,"column":4},"end":{"line":108,"column":5}},"34":{"start":{"line":99,"column":6},"end":{"line":101,"column":7}},"35":{"start":{"line":100,"column":8},"end":{"line":100,"column":67}},"36":{"start":{"line":103,"column":6},"end":{"line":103,"column":67}},"37":{"start":{"line":104,"column":6},"end":{"line":104,"column":18}},"38":{"start":{"line":106,"column":6},"end":{"line":106,"column":66}},"39":{"start":{"line":107,"column":6},"end":{"line":107,"column":55}},"40":{"start":{"line":113,"column":16},"end":{"line":113,"column":20}},"41":{"start":{"line":116,"column":4},"end":{"line":119,"column":15}},"42":{"start":{"line":118,"column":35},"end":{"line":118,"column":45}},"43":{"start":{"line":121,"column":4},"end":{"line":124,"column":5}},"44":{"start":{"line":122,"column":6},"end":{"line":122,"column":59}},"45":{"start":{"line":123,"column":6},"end":{"line":123,"column":91}},"46":{"start":{"line":126,"column":24},"end":{"line":126,"column":49}},"47":{"start":{"line":127,"column":39},"end":{"line":127,"column":68}},"48":{"start":{"line":129,"column":25},"end":{"line":129,"column":70}},"49":{"start":{"line":130,"column":24},"end":{"line":130,"column":79}},"50":{"start":{"line":132,"column":18},"end":{"line":132,"column":91}},"51":{"start":{"line":132,"column":26},"end":{"line":132,"column":90}},"52":{"start":{"line":134,"column":22},"end":{"line":134,"column":58}},"53":{"start":{"line":135,"column":21},"end":{"line":135,"column":50}},"54":{"start":{"line":137,"column":15},"end":{"line":137,"column":19}},"55":{"start":{"line":138,"column":20},"end":{"line":138,"column":25}},"56":{"start":{"line":140,"column":4},"end":{"line":226,"column":5}},"57":{"start":{"line":141,"column":6},"end":{"line":185,"column":7}},"58":{"start":{"line":142,"column":8},"end":{"line":182,"column":9}},"59":{"start":{"line":143,"column":10},"end":{"line":143,"column":58}},"60":{"start":{"line":145,"column":10},"end":{"line":171,"column":11}},"61":{"start":{"line":146,"column":12},"end":{"line":146,"column":29}},"62":{"start":{"line":147,"column":12},"end":{"line":156,"column":15}},"63":{"start":{"line":158,"column":12},"end":{"line":163,"column":15}},"64":{"start":{"line":164,"column":17},"end":{"line":171,"column":11}},"65":{"start":{"line":165,"column":12},"end":{"line":170,"column":15}},"66":{"start":{"line":173,"column":10},"end":{"line":178,"column":13}},"67":{"start":{"line":180,"column":10},"end":{"line":180,"column":100}},"68":{"start":{"line":181,"column":10},"end":{"line":181,"column":33}},"69":{"start":{"line":184,"column":8},"end":{"line":184,"column":55}},"70":{"start":{"line":187,"column":6},"end":{"line":187,"column":68}},"71":{"start":{"line":188,"column":6},"end":{"line":188,"column":48}},"72":{"start":{"line":190,"column":6},"end":{"line":190,"column":43}},"73":{"start":{"line":192,"column":6},"end":{"line":223,"column":7}},"74":{"start":{"line":193,"column":8},"end":{"line":193,"column":25}},"75":{"start":{"line":194,"column":8},"end":{"line":216,"column":9}},"76":{"start":{"line":195,"column":10},"end":{"line":205,"column":13}},"77":{"start":{"line":206,"column":10},"end":{"line":206,"column":28}},"78":{"start":{"line":208,"column":10},"end":{"line":208,"column":95}},"79":{"start":{"line":210,"column":10},"end":{"line":215,"column":11}},"80":{"start":{"line":211,"column":12},"end":{"line":211,"column":49}},"81":{"start":{"line":212,"column":12},"end":{"line":212,"column":30}},"82":{"start":{"line":214,"column":12},"end":{"line":214,"column":22}},"83":{"start":{"line":217,"column":13},"end":{"line":223,"column":7}},"84":{"start":{"line":218,"column":8},"end":{"line":221,"column":10}},"85":{"start":{"line":222,"column":8},"end":{"line":222,"column":26}},"86":{"start":{"line":225,"column":6},"end":{"line":225,"column":94}},"87":{"start":{"line":228,"column":24},"end":{"line":228,"column":59}},"88":{"start":{"line":229,"column":25},"end":{"line":229,"column":61}},"89":{"start":{"line":231,"column":4},"end":{"line":238,"column":6}},"90":{"start":{"line":242,"column":4},"end":{"line":242,"column":56}},"91":{"start":{"line":243,"column":4},"end":{"line":243,"column":30}},"92":{"start":{"line":247,"column":0},"end":{"line":247,"column":32}}},"fnMap":{"0":{"name":"(anonymous_0)","decl":{"start":{"line":17,"column":2},"end":{"line":17,"column":3}},"loc":{"start":{"line":17,"column":32},"end":{"line":94,"column":3}},"line":17},"1":{"name":"(anonymous_1)","decl":{"start":{"line":28,"column":8},"end":{"line":28,"column":9}},"loc":{"start":{"line":28,"column":65},"end":{"line":41,"column":9}},"line":28},"2":{"name":"(anonymous_2)","decl":{"start":{"line":55,"column":8},"end":{"line":55,"column":9}},"loc":{"start":{"line":55,"column":65},"end":{"line":65,"column":9}},"line":55},"3":{"name":"(anonymous_3)","decl":{"start":{"line":70,"column":27},"end":{"line":70,"column":28}},"loc":{"start":{"line":70,"column":43},"end":{"line":72,"column":5}},"line":70},"4":{"name":"(anonymous_4)","decl":{"start":{"line":74,"column":29},"end":{"line":74,"column":30}},"loc":{"start":{"line":74,"column":49},"end":{"line":93,"column":5}},"line":74},"5":{"name":"(anonymous_5)","decl":{"start":{"line":97,"column":2},"end":{"line":97,"column":3}},"loc":{"start":{"line":97,"column":57},"end":{"line":109,"column":3}},"line":97},"6":{"name":"(anonymous_6)","decl":{"start":{"line":112,"column":2},"end":{"line":112,"column":3}},"loc":{"start":{"line":112,"column":59},"end":{"line":239,"column":3}},"line":112},"7":{"name":"(anonymous_7)","decl":{"start":{"line":118,"column":30},"end":{"line":118,"column":31}},"loc":{"start":{"line":118,"column":35},"end":{"line":118,"column":45}},"line":118},"8":{"name":"(anonymous_8)","decl":{"start":{"line":132,"column":18},"end":{"line":132,"column":19}},"loc":{"start":{"line":132,"column":26},"end":{"line":132,"column":90}},"line":132},"9":{"name":"(anonymous_9)","decl":{"start":{"line":241,"column":2},"end":{"line":241,"column":3}},"loc":{"start":{"line":241,"column":49},"end":{"line":244,"column":3}},"line":241}},"branchMap":{"0":{"loc":{"start":{"line":71,"column":17},"end":{"line":71,"column":46}},"type":"binary-expr","locations":[{"start":{"line":71,"column":17},"end":{"line":71,"column":30}},{"start":{"line":71,"column":34},"end":{"line":71,"column":46}}],"line":71},"1":{"loc":{"start":{"line":78,"column":8},"end":{"line":88,"column":9}},"type":"if","locations":[{"start":{"line":78,"column":8},"end":{"line":88,"column":9}},{"start":{"line":86,"column":15},"end":{"line":88,"column":9}}],"line":78},"2":{"loc":{"start":{"line":99,"column":6},"end":{"line":101,"column":7}},"type":"if","locations":[{"start":{"line":99,"column":6},"end":{"line":101,"column":7}},{"start":{},"end":{}}],"line":99},"3":{"loc":{"start":{"line":99,"column":10},"end":{"line":99,"column":46}},"type":"binary-expr","locations":[{"start":{"line":99,"column":10},"end":{"line":99,"column":19}},{"start":{"line":99,"column":23},"end":{"line":99,"column":46}}],"line":99},"4":{"loc":{"start":{"line":112,"column":46},"end":{"line":112,"column":57}},"type":"default-arg","locations":[{"start":{"line":112,"column":55},"end":{"line":112,"column":57}}],"line":112},"5":{"loc":{"start":{"line":117,"column":6},"end":{"line":119,"column":14}},"type":"cond-expr","locations":[{"start":{"line":118,"column":10},"end":{"line":118,"column":80}},{"start":{"line":119,"column":10},"end":{"line":119,"column":14}}],"line":117},"6":{"loc":{"start":{"line":117,"column":6},"end":{"line":117,"column":64}},"type":"binary-expr","locations":[{"start":{"line":117,"column":6},"end":{"line":117,"column":35}},{"start":{"line":117,"column":39},"end":{"line":117,"column":64}}],"line":117},"7":{"loc":{"start":{"line":118,"column":10},"end":{"line":118,"column":80}},"type":"binary-expr","locations":[{"start":{"line":118,"column":10},"end":{"line":118,"column":53}},{"start":{"line":118,"column":57},"end":{"line":118,"column":80}}],"line":118},"8":{"loc":{"start":{"line":121,"column":4},"end":{"line":124,"column":5}},"type":"if","locations":[{"start":{"line":121,"column":4},"end":{"line":124,"column":5}},{"start":{},"end":{}}],"line":121},"9":{"loc":{"start":{"line":126,"column":24},"end":{"line":126,"column":49}},"type":"binary-expr","locations":[{"start":{"line":126,"column":24},"end":{"line":126,"column":43}},{"start":{"line":126,"column":47},"end":{"line":126,"column":49}}],"line":126},"10":{"loc":{"start":{"line":129,"column":25},"end":{"line":129,"column":70}},"type":"binary-expr","locations":[{"start":{"line":129,"column":25},"end":{"line":129,"column":48}},{"start":{"line":129,"column":52},"end":{"line":129,"column":62}},{"start":{"line":129,"column":66},"end":{"line":129,"column":70}}],"line":129},"11":{"loc":{"start":{"line":130,"column":24},"end":{"line":130,"column":79}},"type":"binary-expr","locations":[{"start":{"line":130,"column":24},"end":{"line":130,"column":48}},{"start":{"line":130,"column":52},"end":{"line":130,"column":71}},{"start":{"line":130,"column":75},"end":{"line":130,"column":79}}],"line":130},"12":{"loc":{"start":{"line":132,"column":26},"end":{"line":132,"column":90}},"type":"cond-expr","locations":[{"start":{"line":132,"column":73},"end":{"line":132,"column":83}},{"start":{"line":132,"column":86},"end":{"line":132,"column":90}}],"line":132},"13":{"loc":{"start":{"line":132,"column":26},"end":{"line":132,"column":70}},"type":"binary-expr","locations":[{"start":{"line":132,"column":26},"end":{"line":132,"column":49}},{"start":{"line":132,"column":53},"end":{"line":132,"column":70}}],"line":132},"14":{"loc":{"start":{"line":134,"column":22},"end":{"line":134,"column":58}},"type":"binary-expr","locations":[{"start":{"line":134,"column":22},"end":{"line":134,"column":41}},{"start":{"line":134,"column":45},"end":{"line":134,"column":58}}],"line":134},"15":{"loc":{"start":{"line":135,"column":21},"end":{"line":135,"column":50}},"type":"binary-expr","locations":[{"start":{"line":135,"column":21},"end":{"line":135,"column":39}},{"start":{"line":135,"column":43},"end":{"line":135,"column":50}}],"line":135},"16":{"loc":{"start":{"line":141,"column":6},"end":{"line":185,"column":7}},"type":"if","locations":[{"start":{"line":141,"column":6},"end":{"line":185,"column":7}},{"start":{"line":183,"column":13},"end":{"line":185,"column":7}}],"line":141},"17":{"loc":{"start":{"line":145,"column":10},"end":{"line":171,"column":11}},"type":"if","locations":[{"start":{"line":145,"column":10},"end":{"line":171,"column":11}},{"start":{"line":164,"column":17},"end":{"line":171,"column":11}}],"line":145},"18":{"loc":{"start":{"line":164,"column":17},"end":{"line":171,"column":11}},"type":"if","locations":[{"start":{"line":164,"column":17},"end":{"line":171,"column":11}},{"start":{},"end":{}}],"line":164},"19":{"loc":{"start":{"line":164,"column":21},"end":{"line":164,"column":72}},"type":"binary-expr","locations":[{"start":{"line":164,"column":21},"end":{"line":164,"column":32}},{"start":{"line":164,"column":36},"end":{"line":164,"column":72}}],"line":164},"20":{"loc":{"start":{"line":192,"column":6},"end":{"line":223,"column":7}},"type":"if","locations":[{"start":{"line":192,"column":6},"end":{"line":223,"column":7}},{"start":{"line":217,"column":13},"end":{"line":223,"column":7}}],"line":192},"21":{"loc":{"start":{"line":210,"column":10},"end":{"line":215,"column":11}},"type":"if","locations":[{"start":{"line":210,"column":10},"end":{"line":215,"column":11}},{"start":{"line":213,"column":17},"end":{"line":215,"column":11}}],"line":210},"22":{"loc":{"start":{"line":217,"column":13},"end":{"line":223,"column":7}},"type":"if","locations":[{"start":{"line":217,"column":13},"end":{"line":223,"column":7}},{"start":{},"end":{}}],"line":217},"23":{"loc":{"start":{"line":217,"column":17},"end":{"line":217,"column":68}},"type":"binary-expr","locations":[{"start":{"line":217,"column":17},"end":{"line":217,"column":28}},{"start":{"line":217,"column":32},"end":{"line":217,"column":68}}],"line":217},"24":{"loc":{"start":{"line":233,"column":12},"end":{"line":233,"column":46}},"type":"cond-expr","locations":[{"start":{"line":233,"column":26},"end":{"line":233,"column":39}},{"start":{"line":233,"column":42},"end":{"line":233,"column":46}}],"line":233}},"s":{"0":0,"1":0,"2":0,"3":0,"4":0,"5":0,"6":0,"7":0,"8":0,"9":0,"10":0,"11":0,"12":0,"13":0,"14":0,"15":0,"16":0,"17":0,"18":0,"19":0,"20":0,"21":0,"22":0,"23":0,"24":0,"25":0,"26":0,"27":0,"28":0,"29":0,"30":0,"31":0,"32":0,"33":0,"34":0,"35":0,"36":0,"37":0,"38":0,"39":0,"40":0,"41":0,"42":0,"43":0,"44":0,"45":0,"46":0,"47":0,"48":0,"49":0,"50":0,"51":0,"52":0,"53":0,"54":0,"55":0,"56":0,"57":0,"58":0,"59":0,"60":0,"61":0,"62":0,"63":0,"64":0,"65":0,"66":0,"67":0,"68":0,"69":0,"70":0,"71":0,"72":0,"73":0,"74":0,"75":0,"76":0,"77":0,"78":0,"79":0,"80":0,"81":0,"82":0,"83":0,"84":0,"85":0,"86":0,"87":0,"88":0,"89":0,"90":0,"91":0,"92":0},"f":{"0":0,"1":0,"2":0,"3":0,"4":0,"5":0,"6":0,"7":0,"8":0,"9":0},"b":{"0":[0,0],"1":[0,0],"2":[0,0],"3":[0,0],"4":[0],"5":[0,0],"6":[0,0],"7":[0,0],"8":[0,0],"9":[0,0],"10":[0,0,0],"11":[0,0,0],"12":[0,0],"13":[0,0],"14":[0,0],"15":[0,0],"16":[0,0],"17":[0,0],"18":[0,0],"19":[0,0],"20":[0,0],"21":[0,0],"22":[0,0],"23":[0,0],"24":[0,0]}}
,"C:\\Users\\plous\\Documents\\Developpement-YNOV\\2024-2025-m2\\Projet_pour_examens\\RoadTrip\\auth-service\\controllers\\authController.js": {"path":"C:\\Users\\plous\\Documents\\Developpement-YNOV\\2024-2025-m2\\Projet_pour_examens\\RoadTrip\\auth-service\\controllers\\authController.js","statementMap":{"0":{"start":{"line":4,"column":4},"end":{"line":52,"column":5}},"1":{"start":{"line":5,"column":6},"end":{"line":9,"column":7}},"2":{"start":{"line":6,"column":8},"end":{"line":8,"column":63}},"3":{"start":{"line":11,"column":50},"end":{"line":11,"column":58}},"4":{"start":{"line":12,"column":64},"end":{"line":12,"column":68}},"5":{"start":{"line":14,"column":6},"end":{"line":17,"column":9}},"6":{"start":{"line":19,"column":26},"end":{"line":19,"column":66}},"7":{"start":{"line":21,"column":6},"end":{"line":37,"column":7}},"8":{"start":{"line":22,"column":8},"end":{"line":36,"column":11}},"9":{"start":{"line":39,"column":26},"end":{"line":41,"column":7}},"10":{"start":{"line":42,"column":6},"end":{"line":42,"column":47}},"11":{"start":{"line":43,"column":6},"end":{"line":43,"column":57}},"12":{"start":{"line":45,"column":6},"end":{"line":45,"column":50}},"13":{"start":{"line":47,"column":6},"end":{"line":50,"column":8}},"14":{"start":{"line":51,"column":6},"end":{"line":51,"column":18}},"15":{"start":{"line":56,"column":0},"end":{"line":56,"column":32}}},"fnMap":{"0":{"name":"(anonymous_0)","decl":{"start":{"line":3,"column":2},"end":{"line":3,"column":3}},"loc":{"start":{"line":3,"column":50},"end":{"line":53,"column":3}},"line":3}},"branchMap":{"0":{"loc":{"start":{"line":5,"column":6},"end":{"line":9,"column":7}},"type":"if","locations":[{"start":{"line":5,"column":6},"end":{"line":9,"column":7}},{"start":{},"end":{}}],"line":5},"1":{"loc":{"start":{"line":21,"column":6},"end":{"line":37,"column":7}},"type":"if","locations":[{"start":{"line":21,"column":6},"end":{"line":37,"column":7}},{"start":{},"end":{}}],"line":21},"2":{"loc":{"start":{"line":40,"column":8},"end":{"line":40,"column":60}},"type":"binary-expr","locations":[{"start":{"line":40,"column":8},"end":{"line":40,"column":32}},{"start":{"line":40,"column":36},"end":{"line":40,"column":60}}],"line":40}},"s":{"0":0,"1":0,"2":0,"3":0,"4":0,"5":0,"6":0,"7":0,"8":0,"9":0,"10":0,"11":0,"12":0,"13":0,"14":0,"15":1},"f":{"0":0},"b":{"0":[0,0],"1":[0,0],"2":[0,0]},"_coverageSchema":"1a1c01bbd47fc00a2c39e90264f33305004495a9","hash":"8de09b2803e5b705c4d435358e5dc72788a94dc3"}
,"C:\\Users\\plous\\Documents\\Developpement-YNOV\\2024-2025-m2\\Projet_pour_examens\\RoadTrip\\auth-service\\models\\User.js": {"path":"C:\\Users\\plous\\Documents\\Developpement-YNOV\\2024-2025-m2\\Projet_pour_examens\\RoadTrip\\auth-service\\models\\User.js","statementMap":{"0":{"start":{"line":1,"column":17},"end":{"line":1,"column":36}},"1":{"start":{"line":2,"column":15},"end":{"line":2,"column":30}},"2":{"start":{"line":4,"column":19},"end":{"line":63,"column":2}},"3":{"start":{"line":66,"column":0},"end":{"line":68,"column":2}},"4":{"start":{"line":67,"column":2},"end":{"line":67,"column":31}},"5":{"start":{"line":71,"column":0},"end":{"line":78,"column":2}},"6":{"start":{"line":72,"column":15},"end":{"line":72,"column":30}},"7":{"start":{"line":73,"column":2},"end":{"line":73,"column":23}},"8":{"start":{"line":74,"column":2},"end":{"line":74,"column":24}},"9":{"start":{"line":75,"column":2},"end":{"line":75,"column":31}},"10":{"start":{"line":76,"column":2},"end":{"line":76,"column":32}},"11":{"start":{"line":77,"column":2},"end":{"line":77,"column":14}},"12":{"start":{"line":80,"column":0},"end":{"line":80,"column":52}}},"fnMap":{"0":{"name":"(anonymous_0)","decl":{"start":{"line":66,"column":29},"end":{"line":66,"column":30}},"loc":{"start":{"line":66,"column":41},"end":{"line":68,"column":1}},"line":66},"1":{"name":"(anonymous_1)","decl":{"start":{"line":71,"column":28},"end":{"line":71,"column":29}},"loc":{"start":{"line":71,"column":40},"end":{"line":78,"column":1}},"line":71}},"branchMap":{},"s":{"0":0,"1":0,"2":0,"3":0,"4":0,"5":0,"6":0,"7":0,"8":0,"9":0,"10":0,"11":0,"12":0},"f":{"0":0,"1":0},"b":{}}
,"C:\\Users\\plous\\Documents\\Developpement-YNOV\\2024-2025-m2\\Projet_pour_examens\\RoadTrip\\auth-service\\routes\\authRoutes.js": {"path":"C:\\Users\\plous\\Documents\\Developpement-YNOV\\2024-2025-m2\\Projet_pour_examens\\RoadTrip\\auth-service\\routes\\authRoutes.js","statementMap":{"0":{"start":{"line":1,"column":16},"end":{"line":1,"column":34}},"1":{"start":{"line":2,"column":17},"end":{"line":2,"column":36}},"2":{"start":{"line":3,"column":23},"end":{"line":3,"column":63}},"3":{"start":{"line":5,"column":15},"end":{"line":5,"column":31}},"4":{"start":{"line":8,"column":0},"end":{"line":12,"column":2}},"5":{"start":{"line":14,"column":0},"end":{"line":20,"column":2}},"6":{"start":{"line":19,"column":22},"end":{"line":19,"column":71}},"7":{"start":{"line":23,"column":0},"end":{"line":27,"column":2}},"8":{"start":{"line":29,"column":0},"end":{"line":35,"column":2}},"9":{"start":{"line":34,"column":22},"end":{"line":34,"column":71}},"10":{"start":{"line":38,"column":0},"end":{"line":58,"column":3}},"11":{"start":{"line":39,"column":2},"end":{"line":57,"column":5}},"12":{"start":{"line":40,"column":4},"end":{"line":45,"column":5}},"13":{"start":{"line":41,"column":6},"end":{"line":41,"column":79}},"14":{"start":{"line":42,"column":6},"end":{"line":44,"column":9}},"15":{"start":{"line":47,"column":4},"end":{"line":56,"column":7}},"16":{"start":{"line":48,"column":6},"end":{"line":50,"column":7}},"17":{"start":{"line":49,"column":8},"end":{"line":49,"column":78}},"18":{"start":{"line":52,"column":6},"end":{"line":52,"column":41}},"19":{"start":{"line":53,"column":6},"end":{"line":55,"column":9}},"20":{"start":{"line":61,"column":0},"end":{"line":74,"column":3}},"21":{"start":{"line":62,"column":2},"end":{"line":73,"column":5}},"22":{"start":{"line":76,"column":0},"end":{"line":76,"column":24}}},"fnMap":{"0":{"name":"(anonymous_0)","decl":{"start":{"line":19,"column":2},"end":{"line":19,"column":3}},"loc":{"start":{"line":19,"column":22},"end":{"line":19,"column":71}},"line":19},"1":{"name":"(anonymous_1)","decl":{"start":{"line":34,"column":2},"end":{"line":34,"column":3}},"loc":{"start":{"line":34,"column":22},"end":{"line":34,"column":71}},"line":34},"2":{"name":"(anonymous_2)","decl":{"start":{"line":38,"column":23},"end":{"line":38,"column":24}},"loc":{"start":{"line":38,"column":37},"end":{"line":58,"column":1}},"line":38},"3":{"name":"(anonymous_3)","decl":{"start":{"line":39,"column":13},"end":{"line":39,"column":14}},"loc":{"start":{"line":39,"column":22},"end":{"line":57,"column":3}},"line":39},"4":{"name":"(anonymous_4)","decl":{"start":{"line":47,"column":24},"end":{"line":47,"column":25}},"loc":{"start":{"line":47,"column":33},"end":{"line":56,"column":5}},"line":47},"5":{"name":"(anonymous_5)","decl":{"start":{"line":61,"column":25},"end":{"line":61,"column":26}},"loc":{"start":{"line":61,"column":39},"end":{"line":74,"column":1}},"line":61}},"branchMap":{"0":{"loc":{"start":{"line":16,"column":24},"end":{"line":16,"column":75}},"type":"binary-expr","locations":[{"start":{"line":16,"column":24},"end":{"line":16,"column":48}},{"start":{"line":16,"column":52},"end":{"line":16,"column":75}}],"line":16},"1":{"loc":{"start":{"line":31,"column":24},"end":{"line":31,"column":75}},"type":"binary-expr","locations":[{"start":{"line":31,"column":24},"end":{"line":31,"column":48}},{"start":{"line":31,"column":52},"end":{"line":31,"column":75}}],"line":31},"2":{"loc":{"start":{"line":40,"column":4},"end":{"line":45,"column":5}},"type":"if","locations":[{"start":{"line":40,"column":4},"end":{"line":45,"column":5}},{"start":{},"end":{}}],"line":40},"3":{"loc":{"start":{"line":48,"column":6},"end":{"line":50,"column":7}},"type":"if","locations":[{"start":{"line":48,"column":6},"end":{"line":50,"column":7}},{"start":{},"end":{}}],"line":48}},"s":{"0":1,"1":1,"2":1,"3":1,"4":1,"5":1,"6":0,"7":1,"8":1,"9":0,"10":1,"11":0,"12":0,"13":0,"14":0,"15":0,"16":0,"17":0,"18":0,"19":0,"20":1,"21":0,"22":1},"f":{"0":0,"1":0,"2":0,"3":0,"4":0,"5":0},"b":{"0":[1,0],"1":[1,0],"2":[0,0],"3":[0,0]},"_coverageSchema":"1a1c01bbd47fc00a2c39e90264f33305004495a9","hash":"1ee39d6cdab5c8fe17e97318f3c012e6a985cca0"}
,"C:\\Users\\plous\\Documents\\Developpement-YNOV\\2024-2025-m2\\Projet_pour_examens\\RoadTrip\\auth-service\\services\\dataService.js": {"path":"C:\\Users\\plous\\Documents\\Developpement-YNOV\\2024-2025-m2\\Projet_pour_examens\\RoadTrip\\auth-service\\services\\dataService.js","statementMap":{"0":{"start":{"line":1,"column":14},"end":{"line":1,"column":30}},"1":{"start":{"line":6,"column":23},"end":{"line":8,"column":45}},"2":{"start":{"line":10,"column":4},"end":{"line":10,"column":73}},"3":{"start":{"line":12,"column":4},"end":{"line":12,"column":39}},"4":{"start":{"line":13,"column":4},"end":{"line":13,"column":44}},"5":{"start":{"line":15,"column":4},"end":{"line":22,"column":7}},"6":{"start":{"line":25,"column":4},"end":{"line":32,"column":7}},"7":{"start":{"line":34,"column":4},"end":{"line":47,"column":6}},"8":{"start":{"line":36,"column":8},"end":{"line":40,"column":10}},"9":{"start":{"line":41,"column":8},"end":{"line":41,"column":22}},"10":{"start":{"line":44,"column":8},"end":{"line":44,"column":63}},"11":{"start":{"line":45,"column":8},"end":{"line":45,"column":37}},"12":{"start":{"line":49,"column":4},"end":{"line":66,"column":6}},"13":{"start":{"line":51,"column":8},"end":{"line":53,"column":10}},"14":{"start":{"line":54,"column":8},"end":{"line":54,"column":24}},"15":{"start":{"line":57,"column":8},"end":{"line":63,"column":10}},"16":{"start":{"line":64,"column":8},"end":{"line":64,"column":37}},"17":{"start":{"line":71,"column":4},"end":{"line":98,"column":5}},"18":{"start":{"line":72,"column":23},"end":{"line":82,"column":8}},"19":{"start":{"line":84,"column":6},"end":{"line":86,"column":9}},"20":{"start":{"line":87,"column":6},"end":{"line":87,"column":27}},"21":{"start":{"line":89,"column":6},"end":{"line":92,"column":8}},"22":{"start":{"line":93,"column":6},"end":{"line":97,"column":8}},"23":{"start":{"line":103,"column":4},"end":{"line":121,"column":5}},"24":{"start":{"line":104,"column":23},"end":{"line":106,"column":7}},"25":{"start":{"line":107,"column":6},"end":{"line":107,"column":27}},"26":{"start":{"line":109,"column":6},"end":{"line":111,"column":7}},"27":{"start":{"line":110,"column":8},"end":{"line":110,"column":20}},"28":{"start":{"line":112,"column":6},"end":{"line":115,"column":8}},"29":{"start":{"line":116,"column":6},"end":{"line":120,"column":8}},"30":{"start":{"line":126,"column":4},"end":{"line":142,"column":5}},"31":{"start":{"line":127,"column":23},"end":{"line":127,"column":64}},"32":{"start":{"line":128,"column":6},"end":{"line":128,"column":27}},"33":{"start":{"line":130,"column":6},"end":{"line":132,"column":7}},"34":{"start":{"line":131,"column":8},"end":{"line":131,"column":20}},"35":{"start":{"line":133,"column":6},"end":{"line":136,"column":8}},"36":{"start":{"line":137,"column":6},"end":{"line":141,"column":8}},"37":{"start":{"line":147,"column":4},"end":{"line":161,"column":5}},"38":{"start":{"line":148,"column":23},"end":{"line":148,"column":76}},"39":{"start":{"line":149,"column":6},"end":{"line":149,"column":77}},"40":{"start":{"line":150,"column":6},"end":{"line":150,"column":27}},"41":{"start":{"line":152,"column":6},"end":{"line":155,"column":8}},"42":{"start":{"line":156,"column":6},"end":{"line":160,"column":8}},"43":{"start":{"line":166,"column":4},"end":{"line":172,"column":5}},"44":{"start":{"line":167,"column":23},"end":{"line":167,"column":61}},"45":{"start":{"line":168,"column":6},"end":{"line":168,"column":27}},"46":{"start":{"line":170,"column":6},"end":{"line":170,"column":69}},"47":{"start":{"line":171,"column":6},"end":{"line":171,"column":53}},"48":{"start":{"line":177,"column":4},"end":{"line":188,"column":5}},"49":{"start":{"line":178,"column":6},"end":{"line":182,"column":9}},"50":{"start":{"line":184,"column":6},"end":{"line":187,"column":8}},"51":{"start":{"line":192,"column":20},"end":{"line":192,"column":37}},"52":{"start":{"line":194,"column":0},"end":{"line":194,"column":29}}},"fnMap":{"0":{"name":"(anonymous_0)","decl":{"start":{"line":4,"column":2},"end":{"line":4,"column":3}},"loc":{"start":{"line":4,"column":16},"end":{"line":67,"column":3}},"line":4},"1":{"name":"(anonymous_1)","decl":{"start":{"line":35,"column":6},"end":{"line":35,"column":7}},"loc":{"start":{"line":35,"column":18},"end":{"line":42,"column":7}},"line":35},"2":{"name":"(anonymous_2)","decl":{"start":{"line":43,"column":6},"end":{"line":43,"column":7}},"loc":{"start":{"line":43,"column":17},"end":{"line":46,"column":7}},"line":43},"3":{"name":"(anonymous_3)","decl":{"start":{"line":50,"column":6},"end":{"line":50,"column":7}},"loc":{"start":{"line":50,"column":20},"end":{"line":55,"column":7}},"line":50},"4":{"name":"(anonymous_4)","decl":{"start":{"line":56,"column":6},"end":{"line":56,"column":7}},"loc":{"start":{"line":56,"column":17},"end":{"line":65,"column":7}},"line":56},"5":{"name":"(anonymous_5)","decl":{"start":{"line":70,"column":2},"end":{"line":70,"column":3}},"loc":{"start":{"line":70,"column":29},"end":{"line":99,"column":3}},"line":70},"6":{"name":"(anonymous_6)","decl":{"start":{"line":102,"column":2},"end":{"line":102,"column":3}},"loc":{"start":{"line":102,"column":31},"end":{"line":122,"column":3}},"line":102},"7":{"name":"(anonymous_7)","decl":{"start":{"line":125,"column":2},"end":{"line":125,"column":3}},"loc":{"start":{"line":125,"column":29},"end":{"line":143,"column":3}},"line":125},"8":{"name":"(anonymous_8)","decl":{"start":{"line":146,"column":2},"end":{"line":146,"column":3}},"loc":{"start":{"line":146,"column":39},"end":{"line":162,"column":3}},"line":146},"9":{"name":"(anonymous_9)","decl":{"start":{"line":165,"column":2},"end":{"line":165,"column":3}},"loc":{"start":{"line":165,"column":22},"end":{"line":173,"column":3}},"line":165},"10":{"name":"(anonymous_10)","decl":{"start":{"line":176,"column":2},"end":{"line":176,"column":3}},"loc":{"start":{"line":176,"column":32},"end":{"line":189,"column":3}},"line":176}},"branchMap":{"0":{"loc":{"start":{"line":6,"column":23},"end":{"line":8,"column":45}},"type":"binary-expr","locations":[{"start":{"line":6,"column":23},"end":{"line":6,"column":58}},{"start":{"line":7,"column":22},"end":{"line":7,"column":50}},{"start":{"line":8,"column":22},"end":{"line":8,"column":45}}],"line":6},"1":{"loc":{"start":{"line":60,"column":21},"end":{"line":60,"column":67}},"type":"binary-expr","locations":[{"start":{"line":60,"column":21},"end":{"line":60,"column":50}},{"start":{"line":60,"column":54},"end":{"line":60,"column":67}}],"line":60},"2":{"loc":{"start":{"line":78,"column":14},"end":{"line":78,"column":37}},"type":"binary-expr","locations":[{"start":{"line":78,"column":14},"end":{"line":78,"column":27}},{"start":{"line":78,"column":31},"end":{"line":78,"column":37}}],"line":78},"3":{"loc":{"start":{"line":79,"column":20},"end":{"line":79,"column":48}},"type":"binary-expr","locations":[{"start":{"line":79,"column":20},"end":{"line":79,"column":39}},{"start":{"line":79,"column":43},"end":{"line":79,"column":48}}],"line":79},"4":{"loc":{"start":{"line":91,"column":8},"end":{"line":91,"column":45}},"type":"binary-expr","locations":[{"start":{"line":91,"column":8},"end":{"line":91,"column":28}},{"start":{"line":91,"column":32},"end":{"line":91,"column":45}}],"line":91},"5":{"loc":{"start":{"line":95,"column":10},"end":{"line":95,"column":56}},"type":"binary-expr","locations":[{"start":{"line":95,"column":10},"end":{"line":95,"column":39}},{"start":{"line":95,"column":43},"end":{"line":95,"column":56}}],"line":95},"6":{"loc":{"start":{"line":109,"column":6},"end":{"line":111,"column":7}},"type":"if","locations":[{"start":{"line":109,"column":6},"end":{"line":111,"column":7}},{"start":{},"end":{}}],"line":109},"7":{"loc":{"start":{"line":114,"column":8},"end":{"line":114,"column":45}},"type":"binary-expr","locations":[{"start":{"line":114,"column":8},"end":{"line":114,"column":28}},{"start":{"line":114,"column":32},"end":{"line":114,"column":45}}],"line":114},"8":{"loc":{"start":{"line":118,"column":10},"end":{"line":118,"column":56}},"type":"binary-expr","locations":[{"start":{"line":118,"column":10},"end":{"line":118,"column":39}},{"start":{"line":118,"column":43},"end":{"line":118,"column":56}}],"line":118},"9":{"loc":{"start":{"line":130,"column":6},"end":{"line":132,"column":7}},"type":"if","locations":[{"start":{"line":130,"column":6},"end":{"line":132,"column":7}},{"start":{},"end":{}}],"line":130},"10":{"loc":{"start":{"line":135,"column":8},"end":{"line":135,"column":45}},"type":"binary-expr","locations":[{"start":{"line":135,"column":8},"end":{"line":135,"column":28}},{"start":{"line":135,"column":32},"end":{"line":135,"column":45}}],"line":135},"11":{"loc":{"start":{"line":139,"column":10},"end":{"line":139,"column":56}},"type":"binary-expr","locations":[{"start":{"line":139,"column":10},"end":{"line":139,"column":39}},{"start":{"line":139,"column":43},"end":{"line":139,"column":56}}],"line":139},"12":{"loc":{"start":{"line":154,"column":8},"end":{"line":154,"column":45}},"type":"binary-expr","locations":[{"start":{"line":154,"column":8},"end":{"line":154,"column":28}},{"start":{"line":154,"column":32},"end":{"line":154,"column":45}}],"line":154},"13":{"loc":{"start":{"line":158,"column":10},"end":{"line":158,"column":56}},"type":"binary-expr","locations":[{"start":{"line":158,"column":10},"end":{"line":158,"column":39}},{"start":{"line":158,"column":43},"end":{"line":158,"column":56}}],"line":158}},"s":{"0":0,"1":0,"2":0,"3":0,"4":0,"5":0,"6":0,"7":0,"8":0,"9":0,"10":0,"11":0,"12":0,"13":0,"14":0,"15":0,"16":0,"17":0,"18":0,"19":0,"20":0,"21":0,"22":0,"23":0,"24":0,"25":0,"26":0,"27":0,"28":0,"29":0,"30":0,"31":0,"32":0,"33":0,"34":0,"35":0,"36":0,"37":0,"38":0,"39":0,"40":0,"41":0,"42":0,"43":0,"44":0,"45":0,"46":0,"47":0,"48":0,"49":0,"50":0,"51":0,"52":0},"f":{"0":0,"1":0,"2":0,"3":0,"4":0,"5":0,"6":0,"7":0,"8":0,"9":0,"10":0},"b":{"0":[0,0,0],"1":[0,0],"2":[0,0],"3":[0,0],"4":[0,0],"5":[0,0],"6":[0,0],"7":[0,0],"8":[0,0],"9":[0,0],"10":[0,0],"11":[0,0],"12":[0,0],"13":[0,0]}}
}
