TN:
SF:index.js
FN:27,(anonymous_0)
FN:78,(anonymous_1)
FN:82,(anonymous_2)
FN:130,(anonymous_3)
FN:188,(anonymous_4)
FN:222,(anonymous_5)
FN:244,(anonymous_6)
FN:259,(anonymous_7)
FN:260,(anonymous_8)
FN:276,(anonymous_9)
FN:287,(anonymous_10)
FN:300,(anonymous_11)
FN:344,(anonymous_12)
FN:349,(anonymous_13)
FNF:14
FNH:8
FNDA:1,(anonymous_0)
FNDA:9,(anonymous_1)
FNDA:9,(anonymous_2)
FNDA:2,(anonymous_3)
FNDA:1,(anonymous_4)
FNDA:2,(anonymous_5)
FNDA:0,(anonymous_6)
FNDA:0,(anonymous_7)
FNDA:0,(anonymous_8)
FNDA:1,(anonymous_9)
FNDA:0,(anonymous_10)
FNDA:1,(anonymous_11)
FNDA:0,(anonymous_12)
FNDA:0,(anonymous_13)
DA:1,1
DA:2,1
DA:3,1
DA:4,1
DA:5,1
DA:6,1
DA:7,1
DA:8,1
DA:10,1
DA:11,1
DA:13,1
DA:14,1
DA:15,1
DA:17,1
DA:20,1
DA:21,1
DA:22,1
DA:23,1
DA:24,1
DA:27,1
DA:28,1
DA:30,1
DA:31,1
DA:32,1
DA:33,1
DA:35,0
DA:40,1
DA:51,1
DA:57,1
DA:63,1
DA:64,1
DA:67,1
DA:74,1
DA:75,1
DA:78,1
DA:79,9
DA:80,9
DA:82,9
DA:83,9
DA:86,9
DA:87,2
DA:91,9
DA:92,0
DA:94,0
DA:95,0
DA:96,0
DA:97,0
DA:100,9
DA:104,9
DA:108,1
DA:122,1
DA:123,1
DA:124,1
DA:127,1
DA:130,1
DA:131,2
DA:132,2
DA:133,2
DA:136,2
DA:175,2
DA:176,2
DA:177,2
DA:179,2
DA:180,1
DA:183,2
DA:184,2
DA:188,1
DA:189,1
DA:191,1
DA:222,1
DA:223,2
DA:244,1
DA:245,0
DA:258,0
DA:259,0
DA:260,0
DA:262,0
DA:276,1
DA:277,1
DA:287,1
DA:288,0
DA:289,0
DA:291,0
DA:300,1
DA:301,1
DA:302,1
DA:303,1
DA:304,1
DA:305,1
DA:308,1
DA:309,1
DA:310,1
DA:311,1
DA:314,1
DA:315,1
DA:316,1
DA:317,1
DA:321,1
DA:322,1
DA:325,1
DA:326,0
DA:327,0
DA:330,1
DA:331,0
DA:334,1
DA:338,0
DA:339,0
DA:344,1
DA:345,0
DA:346,0
DA:349,1
DA:350,0
DA:351,0
DA:354,1
LF:114
LH:91
BRDA:14,0,0,1
BRDA:14,0,1,0
BRDA:30,1,0,1
BRDA:30,1,1,0
BRDA:68,2,0,1
BRDA:68,2,1,0
BRDA:86,3,0,2
BRDA:86,3,1,7
BRDA:91,4,0,0
BRDA:91,4,1,9
BRDA:94,5,0,0
BRDA:94,5,1,0
BRDA:96,6,0,0
BRDA:96,6,1,0
BRDA:109,7,0,1
BRDA:109,7,1,0
BRDA:116,8,0,0
BRDA:116,8,1,1
BRDA:132,9,0,2
BRDA:132,9,1,0
BRDA:133,10,0,0
BRDA:133,10,1,2
BRDA:157,11,0,2
BRDA:157,11,1,2
BRDA:158,12,0,2
BRDA:158,12,1,2
BRDA:161,13,0,2
BRDA:161,13,1,0
BRDA:176,14,0,2
BRDA:176,14,1,0
BRDA:179,15,0,1
BRDA:179,15,1,1
BRDA:179,16,0,2
BRDA:179,16,1,2
BRDA:179,16,2,2
BRDA:183,17,0,1
BRDA:183,17,1,1
BRDA:206,18,0,1
BRDA:206,18,1,0
BRDA:215,19,0,0
BRDA:215,19,1,1
BRDA:247,20,0,0
BRDA:247,20,1,0
BRDA:252,21,0,0
BRDA:252,21,1,0
BRDA:291,22,0,0
BRDA:291,22,1,0
BRDA:294,23,0,0
BRDA:294,23,1,0
BRDA:308,24,0,1
BRDA:308,24,1,1
BRDA:309,25,0,1
BRDA:309,25,1,0
BRDA:310,26,0,1
BRDA:310,26,1,0
BRDA:314,27,0,1
BRDA:314,27,1,1
BRDA:315,28,0,1
BRDA:315,28,1,0
BRDA:316,29,0,1
BRDA:316,29,1,0
BRDA:321,30,0,1
BRDA:321,30,1,0
BRDA:325,31,0,0
BRDA:325,31,1,1
BRDA:325,32,0,1
BRDA:325,32,1,0
BRDA:330,33,0,0
BRDA:330,33,1,1
BRF:69
BRH:37
end_of_record
TN:
SF:config\jwtConfig.js
FN:5,(anonymous_0)
FN:25,(anonymous_1)
FN:44,(anonymous_2)
FN:61,(anonymous_3)
FNF:4
FNH:0
FNDA:0,(anonymous_0)
FNDA:0,(anonymous_1)
FNDA:0,(anonymous_2)
FNDA:0,(anonymous_3)
DA:1,0
DA:6,0
DA:7,0
DA:19,0
DA:20,0
DA:26,0
DA:27,0
DA:38,0
DA:39,0
DA:45,0
DA:46,0
DA:48,0
DA:49,0
DA:50,0
DA:52,0
DA:53,0
DA:54,0
DA:56,0
DA:62,0
DA:63,0
DA:66,0
DA:72,0
DA:74,0
DA:75,0
DA:80,0
LF:25
LH:0
BRDA:15,0,0,0
BRDA:15,0,1,0
BRDA:34,1,0,0
BRDA:34,1,1,0
BRDA:48,2,0,0
BRDA:48,2,1,0
BRDA:52,3,0,0
BRDA:52,3,1,0
BRF:8
BRH:0
end_of_record
TN:
SF:config\passportConfig.js
FN:17,(anonymous_0)
FN:28,(anonymous_1)
FN:55,(anonymous_2)
FN:70,(anonymous_3)
FN:74,(anonymous_4)
FN:97,(anonymous_5)
FN:112,(anonymous_6)
FN:118,(anonymous_7)
FN:132,(anonymous_8)
FN:241,(anonymous_9)
FNF:10
FNH:0
FNDA:0,(anonymous_0)
FNDA:0,(anonymous_1)
FNDA:0,(anonymous_2)
FNDA:0,(anonymous_3)
FNDA:0,(anonymous_4)
FNDA:0,(anonymous_5)
FNDA:0,(anonymous_6)
FNDA:0,(anonymous_7)
FNDA:0,(anonymous_8)
FNDA:0,(anonymous_9)
DA:1,0
DA:2,0
DA:3,0
DA:4,0
DA:5,0
DA:9,0
DA:10,0
DA:12,0
DA:13,0
DA:19,0
DA:29,0
DA:30,0
DA:32,0
DA:37,0
DA:39,0
DA:46,0
DA:56,0
DA:57,0
DA:61,0
DA:63,0
DA:70,0
DA:71,0
DA:74,0
DA:75,0
DA:78,0
DA:79,0
DA:80,0
DA:82,0
DA:83,0
DA:84,0
DA:87,0
DA:89,0
DA:91,0
DA:98,0
DA:99,0
DA:100,0
DA:103,0
DA:104,0
DA:106,0
DA:107,0
DA:113,0
DA:116,0
DA:118,0
DA:121,0
DA:122,0
DA:123,0
DA:126,0
DA:127,0
DA:129,0
DA:130,0
DA:132,0
DA:134,0
DA:135,0
DA:137,0
DA:138,0
DA:140,0
DA:141,0
DA:142,0
DA:143,0
DA:145,0
DA:146,0
DA:147,0
DA:158,0
DA:164,0
DA:165,0
DA:173,0
DA:180,0
DA:181,0
DA:184,0
DA:187,0
DA:188,0
DA:190,0
DA:192,0
DA:193,0
DA:194,0
DA:195,0
DA:206,0
DA:208,0
DA:210,0
DA:211,0
DA:212,0
DA:214,0
DA:217,0
DA:218,0
DA:222,0
DA:225,0
DA:228,0
DA:229,0
DA:231,0
DA:242,0
DA:243,0
DA:247,0
LF:92
LH:0
BRDA:71,0,0,0
BRDA:71,0,1,0
BRDA:78,1,0,0
BRDA:78,1,1,0
BRDA:99,2,0,0
BRDA:99,2,1,0
BRDA:99,3,0,0
BRDA:99,3,1,0
BRDA:112,4,0,0
BRDA:117,5,0,0
BRDA:117,5,1,0
BRDA:117,6,0,0
BRDA:117,6,1,0
BRDA:118,7,0,0
BRDA:118,7,1,0
BRDA:121,8,0,0
BRDA:121,8,1,0
BRDA:126,9,0,0
BRDA:126,9,1,0
BRDA:129,10,0,0
BRDA:129,10,1,0
BRDA:129,10,2,0
BRDA:130,11,0,0
BRDA:130,11,1,0
BRDA:130,11,2,0
BRDA:132,12,0,0
BRDA:132,12,1,0
BRDA:132,13,0,0
BRDA:132,13,1,0
BRDA:134,14,0,0
BRDA:134,14,1,0
BRDA:135,15,0,0
BRDA:135,15,1,0
BRDA:141,16,0,0
BRDA:141,16,1,0
BRDA:145,17,0,0
BRDA:145,17,1,0
BRDA:164,18,0,0
BRDA:164,18,1,0
BRDA:164,19,0,0
BRDA:164,19,1,0
BRDA:192,20,0,0
BRDA:192,20,1,0
BRDA:210,21,0,0
BRDA:210,21,1,0
BRDA:217,22,0,0
BRDA:217,22,1,0
BRDA:217,23,0,0
BRDA:217,23,1,0
BRDA:233,24,0,0
BRDA:233,24,1,0
BRF:51
BRH:0
end_of_record
TN:
SF:controllers\authController.js
FN:3,(anonymous_0)
FNF:1
FNH:0
FNDA:0,(anonymous_0)
DA:4,0
DA:5,0
DA:6,0
DA:11,0
DA:12,0
DA:14,0
DA:19,0
DA:21,0
DA:22,0
DA:39,0
DA:42,0
DA:43,0
DA:45,0
DA:47,0
DA:51,0
DA:56,1
LF:16
LH:1
BRDA:5,0,0,0
BRDA:5,0,1,0
BRDA:21,1,0,0
BRDA:21,1,1,0
BRDA:40,2,0,0
BRDA:40,2,1,0
BRF:6
BRH:0
end_of_record
TN:
SF:models\User.js
FN:66,(anonymous_0)
FN:71,(anonymous_1)
FNF:2
FNH:0
FNDA:0,(anonymous_0)
FNDA:0,(anonymous_1)
DA:1,0
DA:2,0
DA:4,0
DA:66,0
DA:67,0
DA:71,0
DA:72,0
DA:73,0
DA:74,0
DA:75,0
DA:76,0
DA:77,0
DA:80,0
LF:13
LH:0
BRF:0
BRH:0
end_of_record
TN:
SF:routes\authRoutes.js
FN:19,(anonymous_0)
FN:34,(anonymous_1)
FN:38,(anonymous_2)
FN:39,(anonymous_3)
FN:47,(anonymous_4)
FN:61,(anonymous_5)
FNF:6
FNH:1
FNDA:0,(anonymous_0)
FNDA:0,(anonymous_1)
FNDA:0,(anonymous_2)
FNDA:0,(anonymous_3)
FNDA:0,(anonymous_4)
FNDA:1,(anonymous_5)
DA:1,1
DA:2,1
DA:3,1
DA:5,1
DA:8,1
DA:14,1
DA:19,0
DA:23,1
DA:29,1
DA:34,0
DA:38,1
DA:39,0
DA:40,0
DA:41,0
DA:42,0
DA:47,0
DA:48,0
DA:49,0
DA:52,0
DA:53,0
DA:61,1
DA:62,1
DA:76,1
LF:23
LH:12
BRDA:16,0,0,1
BRDA:16,0,1,0
BRDA:31,1,0,1
BRDA:31,1,1,0
BRDA:40,2,0,0
BRDA:40,2,1,0
BRDA:48,3,0,0
BRDA:48,3,1,0
BRF:8
BRH:2
end_of_record
TN:
SF:services\dataService.js
FN:4,(anonymous_0)
FN:35,(anonymous_1)
FN:43,(anonymous_2)
FN:50,(anonymous_3)
FN:56,(anonymous_4)
FN:70,(anonymous_5)
FN:102,(anonymous_6)
FN:125,(anonymous_7)
FN:146,(anonymous_8)
FN:165,(anonymous_9)
FN:176,(anonymous_10)
FNF:11
FNH:0
FNDA:0,(anonymous_0)
FNDA:0,(anonymous_1)
FNDA:0,(anonymous_2)
FNDA:0,(anonymous_3)
FNDA:0,(anonymous_4)
FNDA:0,(anonymous_5)
FNDA:0,(anonymous_6)
FNDA:0,(anonymous_7)
FNDA:0,(anonymous_8)
FNDA:0,(anonymous_9)
FNDA:0,(anonymous_10)
DA:1,0
DA:6,0
DA:10,0
DA:12,0
DA:13,0
DA:15,0
DA:25,0
DA:34,0
DA:36,0
DA:41,0
DA:44,0
DA:45,0
DA:49,0
DA:51,0
DA:54,0
DA:57,0
DA:64,0
DA:71,0
DA:72,0
DA:84,0
DA:87,0
DA:89,0
DA:93,0
DA:103,0
DA:104,0
DA:107,0
DA:109,0
DA:110,0
DA:112,0
DA:116,0
DA:126,0
DA:127,0
DA:128,0
DA:130,0
DA:131,0
DA:133,0
DA:137,0
DA:147,0
DA:148,0
DA:149,0
DA:150,0
DA:152,0
DA:156,0
DA:166,0
DA:167,0
DA:168,0
DA:170,0
DA:171,0
DA:177,0
DA:178,0
DA:184,0
DA:192,0
DA:194,0
LF:53
LH:0
BRDA:6,0,0,0
BRDA:6,0,1,0
BRDA:6,0,2,0
BRDA:60,1,0,0
BRDA:60,1,1,0
BRDA:78,2,0,0
BRDA:78,2,1,0
BRDA:79,3,0,0
BRDA:79,3,1,0
BRDA:91,4,0,0
BRDA:91,4,1,0
BRDA:95,5,0,0
BRDA:95,5,1,0
BRDA:109,6,0,0
BRDA:109,6,1,0
BRDA:114,7,0,0
BRDA:114,7,1,0
BRDA:118,8,0,0
BRDA:118,8,1,0
BRDA:130,9,0,0
BRDA:130,9,1,0
BRDA:135,10,0,0
BRDA:135,10,1,0
BRDA:139,11,0,0
BRDA:139,11,1,0
BRDA:154,12,0,0
BRDA:154,12,1,0
BRDA:158,13,0,0
BRDA:158,13,1,0
BRF:29
BRH:0
end_of_record
