TN:
SF:index.js
FN:38,(anonymous_0)
FN:95,(anonymous_1)
FN:101,(anonymous_2)
FN:167,(anonymous_3)
FN:173,(anonymous_4)
FN:235,(anonymous_5)
FN:250,(anonymous_6)
FN:273,(anonymous_7)
FN:288,(anonymous_8)
FN:289,(anonymous_9)
FN:305,(anonymous_10)
FN:316,(anonymous_11)
FN:331,(anonymous_12)
FN:376,gracefulShutdown
FN:382,(anonymous_14)
FNF:15
FNH:8
FNDA:1,(anonymous_0)
FNDA:5,(anonymous_1)
FNDA:5,(anonymous_2)
FNDA:0,(anonymous_3)
FNDA:1,(anonymous_4)
FNDA:0,(anonymous_5)
FNDA:1,(anonymous_6)
FNDA:1,(anonymous_7)
FNDA:2,(anonymous_8)
FNDA:2,(anonymous_9)
FNDA:0,(anonymous_10)
FNDA:0,(anonymous_11)
FNDA:0,(anonymous_12)
FNDA:0,gracefulShutdown
FNDA:0,(anonymous_14)
DA:1,1
DA:2,1
DA:3,1
DA:4,1
DA:5,1
DA:6,1
DA:7,1
DA:8,1
DA:10,1
DA:11,1
DA:22,1
DA:24,1
DA:25,1
DA:26,1
DA:28,1
DA:31,1
DA:32,1
DA:33,1
DA:34,1
DA:35,1
DA:38,1
DA:39,1
DA:41,1
DA:42,1
DA:43,1
DA:44,1
DA:45,1
DA:47,0
DA:48,0
DA:51,0
DA:55,1
DA:66,1
DA:72,1
DA:78,1
DA:79,1
DA:82,1
DA:89,1
DA:90,1
DA:93,1
DA:95,1
DA:96,5
DA:97,5
DA:98,5
DA:99,5
DA:101,5
DA:102,5
DA:103,5
DA:104,5
DA:107,5
DA:116,5
DA:123,5
DA:124,0
DA:128,5
DA:129,0
DA:131,0
DA:132,0
DA:133,0
DA:134,0
DA:137,5
DA:141,5
DA:145,1
DA:159,1
DA:160,1
DA:161,1
DA:164,1
DA:167,1
DA:168,0
DA:169,0
DA:173,1
DA:174,1
DA:175,1
DA:176,1
DA:179,1
DA:219,1
DA:220,1
DA:221,1
DA:223,1
DA:224,0
DA:227,1
DA:228,1
DA:230,1
DA:231,1
DA:235,1
DA:236,0
DA:246,0
DA:250,1
DA:251,1
DA:273,1
DA:274,1
DA:287,1
DA:288,2
DA:289,2
DA:291,1
DA:305,1
DA:306,0
DA:316,1
DA:317,0
DA:318,0
DA:320,0
DA:330,1
DA:331,0
DA:332,0
DA:333,0
DA:334,0
DA:335,0
DA:336,0
DA:337,0
DA:340,0
DA:341,0
DA:342,0
DA:343,0
DA:344,0
DA:347,0
DA:348,0
DA:349,0
DA:350,0
DA:351,0
DA:355,0
DA:356,0
DA:359,0
DA:360,0
DA:361,0
DA:364,0
DA:365,0
DA:369,0
DA:371,0
DA:377,0
DA:378,0
DA:379,0
DA:381,0
DA:382,0
DA:383,0
DA:384,0
DA:387,0
DA:391,1
DA:392,1
DA:395,0
DA:396,0
DA:397,0
DA:402,1
LF:140
LH:85
BRDA:25,0,0,1
BRDA:25,0,1,0
BRDA:41,1,0,1
BRDA:41,1,1,0
BRDA:83,2,0,1
BRDA:83,2,1,0
BRDA:110,3,0,5
BRDA:110,3,1,0
BRDA:118,4,0,5
BRDA:118,4,1,0
BRDA:123,5,0,0
BRDA:123,5,1,5
BRDA:128,6,0,0
BRDA:128,6,1,5
BRDA:131,7,0,0
BRDA:131,7,1,0
BRDA:133,8,0,0
BRDA:133,8,1,0
BRDA:146,9,0,1
BRDA:146,9,1,0
BRDA:153,10,0,0
BRDA:153,10,1,1
BRDA:175,11,0,1
BRDA:175,11,1,0
BRDA:176,12,0,0
BRDA:176,12,1,1
BRDA:201,13,0,1
BRDA:201,13,1,1
BRDA:202,14,0,1
BRDA:202,14,1,1
BRDA:205,15,0,1
BRDA:205,15,1,0
BRDA:220,16,0,1
BRDA:220,16,1,0
BRDA:223,17,0,0
BRDA:223,17,1,1
BRDA:223,18,0,1
BRDA:223,18,1,1
BRDA:223,18,2,1
BRDA:230,19,0,1
BRDA:230,19,1,0
BRDA:276,20,0,1
BRDA:276,20,1,1
BRDA:281,21,0,1
BRDA:281,21,1,1
BRDA:320,22,0,0
BRDA:320,22,1,0
BRDA:323,23,0,0
BRDA:323,23,1,0
BRDA:330,24,0,0
BRDA:330,24,1,1
BRDA:340,25,0,0
BRDA:340,25,1,0
BRDA:341,26,0,0
BRDA:341,26,1,0
BRDA:342,27,0,0
BRDA:342,27,1,0
BRDA:347,28,0,0
BRDA:347,28,1,0
BRDA:348,29,0,0
BRDA:348,29,1,0
BRDA:349,30,0,0
BRDA:349,30,1,0
BRDA:355,31,0,0
BRDA:355,31,1,0
BRDA:359,32,0,0
BRDA:359,32,1,0
BRDA:359,33,0,0
BRDA:359,33,1,0
BRDA:364,34,0,0
BRDA:364,34,1,0
BRDA:381,35,0,0
BRDA:381,35,1,0
BRF:73
BRH:27
end_of_record
TN:
SF:metrics.js
FN:65,updateServiceHealth
FN:70,updateDatabaseHealth
FN:75,updateExternalServiceHealth
FN:80,updateActiveConnections
FNF:4
FNH:3
FNDA:1,updateServiceHealth
FNDA:1,updateDatabaseHealth
FNDA:0,updateExternalServiceHealth
FNDA:10,updateActiveConnections
DA:1,1
DA:4,1
DA:7,1
DA:15,1
DA:23,1
DA:32,1
DA:40,1
DA:47,1
DA:55,1
DA:66,1
DA:71,1
DA:76,0
DA:81,10
DA:84,1
LF:14
LH:13
BRDA:9,0,0,1
BRDA:9,0,1,1
BRDA:66,1,0,1
BRDA:66,1,1,0
BRDA:71,2,0,1
BRDA:71,2,1,0
BRDA:76,3,0,0
BRDA:76,3,1,0
BRF:8
BRH:4
end_of_record
TN:
SF:config\jwtConfig.js
FN:5,(anonymous_0)
FN:25,(anonymous_1)
FN:44,(anonymous_2)
FN:61,(anonymous_3)
FNF:4
FNH:0
FNDA:0,(anonymous_0)
FNDA:0,(anonymous_1)
FNDA:0,(anonymous_2)
FNDA:0,(anonymous_3)
DA:1,0
DA:6,0
DA:7,0
DA:19,0
DA:20,0
DA:26,0
DA:27,0
DA:38,0
DA:39,0
DA:45,0
DA:46,0
DA:48,0
DA:49,0
DA:50,0
DA:52,0
DA:53,0
DA:54,0
DA:56,0
DA:62,0
DA:63,0
DA:66,0
DA:72,0
DA:74,0
DA:75,0
DA:80,0
LF:25
LH:0
BRDA:15,0,0,0
BRDA:15,0,1,0
BRDA:34,1,0,0
BRDA:34,1,1,0
BRDA:48,2,0,0
BRDA:48,2,1,0
BRDA:52,3,0,0
BRDA:52,3,1,0
BRF:8
BRH:0
end_of_record
TN:
SF:config\passportConfig.js
FN:17,(anonymous_0)
FN:28,(anonymous_1)
FN:55,(anonymous_2)
FN:70,(anonymous_3)
FN:74,(anonymous_4)
FN:97,(anonymous_5)
FN:112,(anonymous_6)
FN:118,(anonymous_7)
FN:132,(anonymous_8)
FN:241,(anonymous_9)
FNF:10
FNH:0
FNDA:0,(anonymous_0)
FNDA:0,(anonymous_1)
FNDA:0,(anonymous_2)
FNDA:0,(anonymous_3)
FNDA:0,(anonymous_4)
FNDA:0,(anonymous_5)
FNDA:0,(anonymous_6)
FNDA:0,(anonymous_7)
FNDA:0,(anonymous_8)
FNDA:0,(anonymous_9)
DA:1,0
DA:2,0
DA:3,0
DA:4,0
DA:5,0
DA:9,0
DA:10,0
DA:12,0
DA:13,0
DA:19,0
DA:29,0
DA:30,0
DA:32,0
DA:37,0
DA:39,0
DA:46,0
DA:56,0
DA:57,0
DA:61,0
DA:63,0
DA:70,0
DA:71,0
DA:74,0
DA:75,0
DA:78,0
DA:79,0
DA:80,0
DA:82,0
DA:83,0
DA:84,0
DA:87,0
DA:89,0
DA:91,0
DA:98,0
DA:99,0
DA:100,0
DA:103,0
DA:104,0
DA:106,0
DA:107,0
DA:113,0
DA:116,0
DA:118,0
DA:121,0
DA:122,0
DA:123,0
DA:126,0
DA:127,0
DA:129,0
DA:130,0
DA:132,0
DA:134,0
DA:135,0
DA:137,0
DA:138,0
DA:140,0
DA:141,0
DA:142,0
DA:143,0
DA:145,0
DA:146,0
DA:147,0
DA:158,0
DA:164,0
DA:165,0
DA:173,0
DA:180,0
DA:181,0
DA:184,0
DA:187,0
DA:188,0
DA:190,0
DA:192,0
DA:193,0
DA:194,0
DA:195,0
DA:206,0
DA:208,0
DA:210,0
DA:211,0
DA:212,0
DA:214,0
DA:217,0
DA:218,0
DA:222,0
DA:225,0
DA:228,0
DA:229,0
DA:231,0
DA:242,0
DA:243,0
DA:247,0
LF:92
LH:0
BRDA:71,0,0,0
BRDA:71,0,1,0
BRDA:78,1,0,0
BRDA:78,1,1,0
BRDA:99,2,0,0
BRDA:99,2,1,0
BRDA:99,3,0,0
BRDA:99,3,1,0
BRDA:112,4,0,0
BRDA:117,5,0,0
BRDA:117,5,1,0
BRDA:117,6,0,0
BRDA:117,6,1,0
BRDA:118,7,0,0
BRDA:118,7,1,0
BRDA:121,8,0,0
BRDA:121,8,1,0
BRDA:126,9,0,0
BRDA:126,9,1,0
BRDA:129,10,0,0
BRDA:129,10,1,0
BRDA:129,10,2,0
BRDA:130,11,0,0
BRDA:130,11,1,0
BRDA:130,11,2,0
BRDA:132,12,0,0
BRDA:132,12,1,0
BRDA:132,13,0,0
BRDA:132,13,1,0
BRDA:134,14,0,0
BRDA:134,14,1,0
BRDA:135,15,0,0
BRDA:135,15,1,0
BRDA:141,16,0,0
BRDA:141,16,1,0
BRDA:145,17,0,0
BRDA:145,17,1,0
BRDA:164,18,0,0
BRDA:164,18,1,0
BRDA:164,19,0,0
BRDA:164,19,1,0
BRDA:192,20,0,0
BRDA:192,20,1,0
BRDA:210,21,0,0
BRDA:210,21,1,0
BRDA:217,22,0,0
BRDA:217,22,1,0
BRDA:217,23,0,0
BRDA:217,23,1,0
BRDA:233,24,0,0
BRDA:233,24,1,0
BRF:51
BRH:0
end_of_record
TN:
SF:controllers\authController.js
FN:3,(anonymous_0)
FNF:1
FNH:0
FNDA:0,(anonymous_0)
DA:4,0
DA:5,0
DA:6,0
DA:11,0
DA:12,0
DA:14,0
DA:19,0
DA:21,0
DA:22,0
DA:39,0
DA:42,0
DA:43,0
DA:45,0
DA:47,0
DA:51,0
DA:56,1
LF:16
LH:1
BRDA:5,0,0,0
BRDA:5,0,1,0
BRDA:21,1,0,0
BRDA:21,1,1,0
BRDA:40,2,0,0
BRDA:40,2,1,0
BRF:6
BRH:0
end_of_record
TN:
SF:models\User.js
FN:66,(anonymous_0)
FN:71,(anonymous_1)
FNF:2
FNH:0
FNDA:0,(anonymous_0)
FNDA:0,(anonymous_1)
DA:1,0
DA:2,0
DA:4,0
DA:66,0
DA:67,0
DA:71,0
DA:72,0
DA:73,0
DA:74,0
DA:75,0
DA:76,0
DA:77,0
DA:80,0
LF:13
LH:0
BRF:0
BRH:0
end_of_record
TN:
SF:routes\authRoutes.js
FN:19,(anonymous_0)
FN:34,(anonymous_1)
FN:38,(anonymous_2)
FN:39,(anonymous_3)
FN:47,(anonymous_4)
FN:61,(anonymous_5)
FNF:6
FNH:0
FNDA:0,(anonymous_0)
FNDA:0,(anonymous_1)
FNDA:0,(anonymous_2)
FNDA:0,(anonymous_3)
FNDA:0,(anonymous_4)
FNDA:0,(anonymous_5)
DA:1,1
DA:2,1
DA:3,1
DA:5,1
DA:8,1
DA:14,1
DA:19,0
DA:23,1
DA:29,1
DA:34,0
DA:38,1
DA:39,0
DA:40,0
DA:41,0
DA:42,0
DA:47,0
DA:48,0
DA:49,0
DA:52,0
DA:53,0
DA:61,1
DA:62,0
DA:76,1
LF:23
LH:11
BRDA:16,0,0,1
BRDA:16,0,1,0
BRDA:31,1,0,1
BRDA:31,1,1,0
BRDA:40,2,0,0
BRDA:40,2,1,0
BRDA:48,3,0,0
BRDA:48,3,1,0
BRF:8
BRH:2
end_of_record
TN:
SF:services\dataService.js
FN:4,(anonymous_0)
FN:35,(anonymous_1)
FN:43,(anonymous_2)
FN:50,(anonymous_3)
FN:56,(anonymous_4)
FN:70,(anonymous_5)
FN:102,(anonymous_6)
FN:125,(anonymous_7)
FN:146,(anonymous_8)
FN:165,(anonymous_9)
FN:176,(anonymous_10)
FNF:11
FNH:0
FNDA:0,(anonymous_0)
FNDA:0,(anonymous_1)
FNDA:0,(anonymous_2)
FNDA:0,(anonymous_3)
FNDA:0,(anonymous_4)
FNDA:0,(anonymous_5)
FNDA:0,(anonymous_6)
FNDA:0,(anonymous_7)
FNDA:0,(anonymous_8)
FNDA:0,(anonymous_9)
FNDA:0,(anonymous_10)
DA:1,0
DA:6,0
DA:10,0
DA:12,0
DA:13,0
DA:15,0
DA:25,0
DA:34,0
DA:36,0
DA:41,0
DA:44,0
DA:45,0
DA:49,0
DA:51,0
DA:54,0
DA:57,0
DA:64,0
DA:71,0
DA:72,0
DA:84,0
DA:87,0
DA:89,0
DA:93,0
DA:103,0
DA:104,0
DA:107,0
DA:109,0
DA:110,0
DA:112,0
DA:116,0
DA:126,0
DA:127,0
DA:128,0
DA:130,0
DA:131,0
DA:133,0
DA:137,0
DA:147,0
DA:148,0
DA:149,0
DA:150,0
DA:152,0
DA:156,0
DA:166,0
DA:167,0
DA:168,0
DA:170,0
DA:171,0
DA:177,0
DA:178,0
DA:184,0
DA:192,0
DA:194,0
LF:53
LH:0
BRDA:6,0,0,0
BRDA:6,0,1,0
BRDA:6,0,2,0
BRDA:60,1,0,0
BRDA:60,1,1,0
BRDA:78,2,0,0
BRDA:78,2,1,0
BRDA:79,3,0,0
BRDA:79,3,1,0
BRDA:91,4,0,0
BRDA:91,4,1,0
BRDA:95,5,0,0
BRDA:95,5,1,0
BRDA:109,6,0,0
BRDA:109,6,1,0
BRDA:114,7,0,0
BRDA:114,7,1,0
BRDA:118,8,0,0
BRDA:118,8,1,0
BRDA:130,9,0,0
BRDA:130,9,1,0
BRDA:135,10,0,0
BRDA:135,10,1,0
BRDA:139,11,0,0
BRDA:139,11,1,0
BRDA:154,12,0,0
BRDA:154,12,1,0
BRDA:158,13,0,0
BRDA:158,13,1,0
BRF:29
BRH:0
end_of_record
